This file contains any messages produced by compilers while
running configure, to aid debugging if configure makes a mistake.

It was created by configure, which was
generated by GNU Autoconf 2.59.  Invocation command line was

  $ ./configure --prefix=/usr --enable-dynamic-linking --enable-ipv6

## --------- ##
## Platform. ##
## --------- ##

hostname = relay.xlliu.localdomain
uname -m = i686
uname -r = 2.4.20-8
uname -s = Linux
uname -v = #1 Thu Mar 13 17:54:28 EST 2003

/usr/bin/uname -p = unknown
/bin/uname -X     = unknown

/bin/arch              = i686
/usr/bin/arch -k       = unknown
/usr/convex/getsysinfo = unknown
hostinfo               = unknown
/bin/machine           = unknown
/usr/bin/oslevel       = unknown
/bin/universe          = unknown

PATH: /usr/kerberos/sbin
PATH: /usr/kerberos/bin
PATH: /usr/local/sbin
PATH: /usr/local/bin
PATH: /sbin
PATH: /bin
PATH: /usr/sbin
PATH: /usr/bin
PATH: /usr/X11R6/bin
PATH: /root/bin


## ----------- ##
## Core tests. ##
## ----------- ##

configure:1392: checking for a BSD-compatible install
configure:1447: result: /usr/bin/install -c
configure:1458: checking whether build environment is sane
configure:1501: result: yes
configure:1534: checking for gawk
configure:1550: found /bin/gawk
configure:1560: result: gawk
configure:1570: checking whether make sets $(MAKE)
configure:1590: result: yes
configure:1844: checking for gcc
configure:1860: found /usr/bin/gcc
configure:1870: result: gcc
configure:2114: checking for C compiler version
configure:2117: gcc --version </dev/null >&5
gcc (GCC) 3.2.2 20030222 (Red Hat Linux 3.2.2-5)
Copyright (C) 2002 Free Software Foundation, Inc.
This is free software; see the source for copying conditions.  There is NO
warranty; not even for MERCHANTABILITY or FITNESS FOR A PARTICULAR PURPOSE.

configure:2120: $? = 0
configure:2122: gcc -v </dev/null >&5
Reading specs from /usr/lib/gcc-lib/i386-redhat-linux/3.2.2/specs
Configured with: ../configure --prefix=/usr --mandir=/usr/share/man --infodir=/usr/share/info --enable-shared --enable-threads=posix --disable-checking --with-system-zlib --enable-__cxa_atexit --host=i386-redhat-linux
Thread model: posix
gcc version 3.2.2 20030222 (Red Hat Linux 3.2.2-5)
configure:2125: $? = 0
configure:2127: gcc -V </dev/null >&5
gcc: argument to `-V' is missing
configure:2130: $? = 1
configure:2153: checking for C compiler default output file name
configure:2156: gcc    conftest.c  >&5
configure:2159: $? = 0
configure:2205: result: a.out
configure:2210: checking whether the C compiler works
configure:2216: ./a.out
configure:2219: $? = 0
configure:2236: result: yes
configure:2243: checking whether we are cross compiling
configure:2245: result: no
configure:2248: checking for suffix of executables
configure:2250: gcc -o conftest    conftest.c  >&5
configure:2253: $? = 0
configure:2278: result: 
configure:2284: checking for suffix of object files
configure:2305: gcc -c   conftest.c >&5
configure:2308: $? = 0
configure:2330: result: o
configure:2334: checking whether we are using the GNU C compiler
configure:2358: gcc -c   conftest.c >&5
configure:2364: $? = 0
configure:2367: test -z 			 || test ! -s conftest.err
configure:2370: $? = 0
configure:2373: test -s conftest.o
configure:2376: $? = 0
configure:2389: result: yes
configure:2395: checking whether gcc accepts -g
configure:2416: gcc -c -g  conftest.c >&5
configure:2422: $? = 0
configure:2425: test -z 			 || test ! -s conftest.err
configure:2428: $? = 0
configure:2431: test -s conftest.o
configure:2434: $? = 0
configure:2445: result: yes
configure:2462: checking for gcc option to accept ANSI C
configure:2532: gcc  -c -g -O2  conftest.c >&5
configure:2538: $? = 0
configure:2541: test -z 			 || test ! -s conftest.err
configure:2544: $? = 0
configure:2547: test -s conftest.o
configure:2550: $? = 0
configure:2568: result: none needed
configure:2586: gcc -c -g -O2  conftest.c >&5
conftest.c:2: parse error before "me"
configure:2592: $? = 1
configure: failed program was:
| #ifndef __cplusplus
|   choke me
| #endif
configure:2733: checking for style of include used by make
configure:2761: result: GNU
configure:2789: checking dependency style of gcc
configure:2872: result: gcc3
configure:2893: checking for gcc option to accept ANSI C
configure:2956: gcc  -c -g -O2  conftest.c >&5
configure:2962: $? = 0
configure:2965: test -z 			 || test ! -s conftest.err
configure:2968: $? = 0
configure:2971: test -s conftest.o
configure:2974: $? = 0
configure:2989: result: none needed
configure:3004: checking for bison
configure:3020: found /usr/bin/bison
configure:3030: result: bison -y
configure:3045: checking for flex
configure:3061: found /usr/bin/flex
configure:3071: result: flex
configure:3084: checking for yywrap in -lfl
configure:3114: gcc -o conftest -g -O2   conftest.c -lfl   >&5
configure:3120: $? = 0
configure:3123: test -z 			 || test ! -s conftest.err
configure:3126: $? = 0
configure:3129: test -s conftest
configure:3132: $? = 0
configure:3145: result: yes
configure:3222: checking lex output file root
configure:3233: flex conftest.l
configure:3236: $? = 0
configure:3248: result: lex.yy
configure:3253: checking whether yytext is a pointer
configure:3269: gcc -o conftest -g -O2   conftest.c  -lfl >&5
configure:3275: $? = 0
configure:3278: test -z 			 || test ! -s conftest.err
configure:3281: $? = 0
configure:3284: test -s conftest
configure:3287: $? = 0
configure:3301: result: yes
configure:3315: checking whether make sets $(MAKE)
configure:3335: result: yes
configure:3385: checking for ranlib
configure:3401: found /usr/bin/ranlib
configure:3412: result: ranlib
configure:3425: checking how to enable static linking for certain libraries
configure:3432: result: GNU or Solaris
configure:3457: checking how to run the C preprocessor
configure:3492: gcc -E  conftest.c
configure:3498: $? = 0
configure:3530: gcc -E  conftest.c
conftest.c:12:28: ac_nonexistent.h: No such file or directory
configure:3536: $? = 1
configure: failed program was:
| /* confdefs.h.  */
| 
| #define PACKAGE_NAME ""
| #define PACKAGE_TARNAME ""
| #define PACKAGE_VERSION ""
| #define PACKAGE_STRING ""
| #define PACKAGE_BUGREPORT ""
| #define PACKAGE "syslog-ng"
| #define VERSION "2.0rc4"
| #define YYTEXT_POINTER 1
| /* end confdefs.h.  */
| #include <ac_nonexistent.h>
configure:3575: result: gcc -E
configure:3599: gcc -E  conftest.c
configure:3605: $? = 0
configure:3637: gcc -E  conftest.c
conftest.c:12:28: ac_nonexistent.h: No such file or directory
configure:3643: $? = 1
configure: failed program was:
| /* confdefs.h.  */
| 
| #define PACKAGE_NAME ""
| #define PACKAGE_TARNAME ""
| #define PACKAGE_VERSION ""
| #define PACKAGE_STRING ""
| #define PACKAGE_BUGREPORT ""
| #define PACKAGE "syslog-ng"
| #define VERSION "2.0rc4"
| #define YYTEXT_POINTER 1
| /* end confdefs.h.  */
| #include <ac_nonexistent.h>
configure:3687: checking for egrep
configure:3697: result: grep -E
configure:3702: checking for ANSI C header files
configure:3727: gcc -c -g -O2  conftest.c >&5
configure:3733: $? = 0
configure:3736: test -z 			 || test ! -s conftest.err
configure:3739: $? = 0
configure:3742: test -s conftest.o
configure:3745: $? = 0
configure:3831: gcc -o conftest -g -O2   conftest.c  >&5
configure:3834: $? = 0
configure:3836: ./conftest
configure:3839: $? = 0
configure:3854: result: yes
configure:3878: checking for sys/types.h
configure:3894: gcc -c -g -O2  conftest.c >&5
configure:3900: $? = 0
configure:3903: test -z 			 || test ! -s conftest.err
configure:3906: $? = 0
configure:3909: test -s conftest.o
configure:3912: $? = 0
configure:3923: result: yes
configure:3878: checking for sys/stat.h
configure:3894: gcc -c -g -O2  conftest.c >&5
configure:3900: $? = 0
configure:3903: test -z 			 || test ! -s conftest.err
configure:3906: $? = 0
configure:3909: test -s conftest.o
configure:3912: $? = 0
configure:3923: result: yes
configure:3878: checking for stdlib.h
configure:3894: gcc -c -g -O2  conftest.c >&5
configure:3900: $? = 0
configure:3903: test -z 			 || test ! -s conftest.err
configure:3906: $? = 0
configure:3909: test -s conftest.o
configure:3912: $? = 0
configure:3923: result: yes
configure:3878: checking for string.h
configure:3894: gcc -c -g -O2  conftest.c >&5
configure:3900: $? = 0
configure:3903: test -z 			 || test ! -s conftest.err
configure:3906: $? = 0
configure:3909: test -s conftest.o
configure:3912: $? = 0
configure:3923: result: yes
configure:3878: checking for memory.h
configure:3894: gcc -c -g -O2  conftest.c >&5
configure:3900: $? = 0
configure:3903: test -z 			 || test ! -s conftest.err
configure:3906: $? = 0
configure:3909: test -s conftest.o
configure:3912: $? = 0
configure:3923: result: yes
configure:3878: checking for strings.h
configure:3894: gcc -c -g -O2  conftest.c >&5
configure:3900: $? = 0
configure:3903: test -z 			 || test ! -s conftest.err
configure:3906: $? = 0
configure:3909: test -s conftest.o
configure:3912: $? = 0
configure:3923: result: yes
configure:3878: checking for inttypes.h
configure:3894: gcc -c -g -O2  conftest.c >&5
configure:3900: $? = 0
configure:3903: test -z 			 || test ! -s conftest.err
configure:3906: $? = 0
configure:3909: test -s conftest.o
configure:3912: $? = 0
configure:3923: result: yes
configure:3878: checking for stdint.h
configure:3894: gcc -c -g -O2  conftest.c >&5
configure:3900: $? = 0
configure:3903: test -z 			 || test ! -s conftest.err
configure:3906: $? = 0
configure:3909: test -s conftest.o
configure:3912: $? = 0
configure:3923: result: yes
configure:3878: checking for unistd.h
configure:3894: gcc -c -g -O2  conftest.c >&5
configure:3900: $? = 0
configure:3903: test -z 			 || test ! -s conftest.err
configure:3906: $? = 0
configure:3909: test -s conftest.o
configure:3912: $? = 0
configure:3923: result: yes
configure:3945: checking dmalloc.h usability
configure:3957: gcc -c -g -O2  conftest.c >&5
configure:3963: $? = 0
configure:3966: test -z 			 || test ! -s conftest.err
configure:3969: $? = 0
configure:3972: test -s conftest.o
configure:3975: $? = 0
configure:3985: result: yes
configure:3989: checking dmalloc.h presence
configure:3999: gcc -E  conftest.c
configure:4005: $? = 0
configure:4025: result: yes
configure:4060: checking for dmalloc.h
configure:4067: result: yes
configure:4083: checking for strings.h
configure:4088: result: yes
configure:4092: checking openssl/ssl.h usability
configure:4104: gcc -c -g -O2  conftest.c >&5
In file included from /usr/include/openssl/ssl.h:179,
                 from conftest.c:57:
/usr/include/openssl/kssl.h:72:18: krb5.h: No such file or directory
In file included from /usr/include/openssl/ssl.h:179,
                 from conftest.c:57:
/usr/include/openssl/kssl.h:132: parse error before "krb5_enctype"
/usr/include/openssl/kssl.h:134: parse error before "FAR"
/usr/include/openssl/kssl.h:135: parse error before '}' token
/usr/include/openssl/kssl.h:147: parse error before "kssl_ctx_setstring"
/usr/include/openssl/kssl.h:147: parse error before '*' token
/usr/include/openssl/kssl.h:148: parse error before '*' token
/usr/include/openssl/kssl.h:149: parse error before '*' token
/usr/include/openssl/kssl.h:149: parse error before '*' token
/usr/include/openssl/kssl.h:150: parse error before '*' token
/usr/include/openssl/kssl.h:151: parse error before "kssl_ctx_setprinc"
/usr/include/openssl/kssl.h:151: parse error before '*' token
/usr/include/openssl/kssl.h:153: parse error before "kssl_cget_tkt"
/usr/include/openssl/kssl.h:153: parse error before '*' token
/usr/include/openssl/kssl.h:155: parse error before "kssl_sget_tkt"
/usr/include/openssl/kssl.h:155: parse error before '*' token
/usr/include/openssl/kssl.h:157: parse error before "kssl_ctx_setkey"
/usr/include/openssl/kssl.h:157: parse error before '*' token
/usr/include/openssl/kssl.h:159: parse error before "context"
/usr/include/openssl/kssl.h:160: parse error before "kssl_build_principal_2"
/usr/include/openssl/kssl.h:160: parse error before "context"
/usr/include/openssl/kssl.h:163: parse error before "kssl_validate_times"
/usr/include/openssl/kssl.h:163: parse error before "atime"
/usr/include/openssl/kssl.h:165: parse error before "kssl_check_authent"
/usr/include/openssl/kssl.h:165: parse error before '*' token
/usr/include/openssl/kssl.h:167: parse error before "enctype"
In file included from conftest.c:57:
/usr/include/openssl/ssl.h:909: parse error before "KSSL_CTX"
/usr/include/openssl/ssl.h:931: parse error before '}' token
configure:4110: $? = 1
configure: failed program was:
| /* confdefs.h.  */
| 
| #define PACKAGE_NAME ""
| #define PACKAGE_TARNAME ""
| #define PACKAGE_VERSION ""
| #define PACKAGE_STRING ""
| #define PACKAGE_BUGREPORT ""
| #define PACKAGE "syslog-ng"
| #define VERSION "2.0rc4"
| #define YYTEXT_POINTER 1
| #define STDC_HEADERS 1
| #define HAVE_SYS_TYPES_H 1
| #define HAVE_SYS_STAT_H 1
| #define HAVE_STDLIB_H 1
| #define HAVE_STRING_H 1
| #define HAVE_MEMORY_H 1
| #define HAVE_STRINGS_H 1
| #define HAVE_INTTYPES_H 1
| #define HAVE_STDINT_H 1
| #define HAVE_UNISTD_H 1
| #define HAVE_STRINGS_H 1
| /* end confdefs.h.  */
| #include <stdio.h>
| #if HAVE_SYS_TYPES_H
| # include <sys/types.h>
| #endif
| #if HAVE_SYS_STAT_H
| # include <sys/stat.h>
| #endif
| #if STDC_HEADERS
| # include <stdlib.h>
| # include <stddef.h>
| #else
| # if HAVE_STDLIB_H
| #  include <stdlib.h>
| # endif
| #endif
| #if HAVE_STRING_H
| # if !STDC_HEADERS && HAVE_MEMORY_H
| #  include <memory.h>
| # endif
| # include <string.h>
| #endif
| #if HAVE_STRINGS_H
| # include <strings.h>
| #endif
| #if HAVE_INTTYPES_H
| # include <inttypes.h>
| #else
| # if HAVE_STDINT_H
| #  include <stdint.h>
| # endif
| #endif
| #if HAVE_UNISTD_H
| # include <unistd.h>
| #endif
| #include <openssl/ssl.h>
configure:4132: result: no
configure:4136: checking openssl/ssl.h presence
configure:4146: gcc -E  conftest.c
In file included from /usr/include/openssl/ssl.h:179,
                 from conftest.c:23:
/usr/include/openssl/kssl.h:72:18: krb5.h: No such file or directory
configure:4152: $? = 1
configure: failed program was:
| /* confdefs.h.  */
| 
| #define PACKAGE_NAME ""
| #define PACKAGE_TARNAME ""
| #define PACKAGE_VERSION ""
| #define PACKAGE_STRING ""
| #define PACKAGE_BUGREPORT ""
| #define PACKAGE "syslog-ng"
| #define VERSION "2.0rc4"
| #define YYTEXT_POINTER 1
| #define STDC_HEADERS 1
| #define HAVE_SYS_TYPES_H 1
| #define HAVE_SYS_STAT_H 1
| #define HAVE_STDLIB_H 1
| #define HAVE_STRING_H 1
| #define HAVE_MEMORY_H 1
| #define HAVE_STRINGS_H 1
| #define HAVE_INTTYPES_H 1
| #define HAVE_STDINT_H 1
| #define HAVE_UNISTD_H 1
| #define HAVE_STRINGS_H 1
| /* end confdefs.h.  */
| #include <openssl/ssl.h>
configure:4172: result: no
configure:4207: checking for openssl/ssl.h
configure:4214: result: no
configure:4092: checking getopt.h usability
configure:4104: gcc -c -g -O2  conftest.c >&5
configure:4110: $? = 0
configure:4113: test -z 			 || test ! -s conftest.err
configure:4116: $? = 0
configure:4119: test -s conftest.o
configure:4122: $? = 0
configure:4132: result: yes
configure:4136: checking getopt.h presence
configure:4146: gcc -E  conftest.c
configure:4152: $? = 0
configure:4172: result: yes
configure:4207: checking for getopt.h
configure:4214: result: yes
configure:4092: checking stropts.h usability
configure:4104: gcc -c -g -O2  conftest.c >&5
configure:4110: $? = 0
configure:4113: test -z 			 || test ! -s conftest.err
configure:4116: $? = 0
configure:4119: test -s conftest.o
configure:4122: $? = 0
configure:4132: result: yes
configure:4136: checking stropts.h presence
configure:4146: gcc -E  conftest.c
configure:4152: $? = 0
configure:4172: result: yes
configure:4207: checking for stropts.h
configure:4214: result: yes
configure:4092: checking sys/strlog.h usability
configure:4104: gcc -c -g -O2  conftest.c >&5
conftest.c:59:24: sys/strlog.h: No such file or directory
configure:4110: $? = 1
configure: failed program was:
| /* confdefs.h.  */
| 
| #define PACKAGE_NAME ""
| #define PACKAGE_TARNAME ""
| #define PACKAGE_VERSION ""
| #define PACKAGE_STRING ""
| #define PACKAGE_BUGREPORT ""
| #define PACKAGE "syslog-ng"
| #define VERSION "2.0rc4"
| #define YYTEXT_POINTER 1
| #define STDC_HEADERS 1
| #define HAVE_SYS_TYPES_H 1
| #define HAVE_SYS_STAT_H 1
| #define HAVE_STDLIB_H 1
| #define HAVE_STRING_H 1
| #define HAVE_MEMORY_H 1
| #define HAVE_STRINGS_H 1
| #define HAVE_INTTYPES_H 1
| #define HAVE_STDINT_H 1
| #define HAVE_UNISTD_H 1
| #define HAVE_STRINGS_H 1
| #define HAVE_GETOPT_H 1
| #define HAVE_STROPTS_H 1
| /* end confdefs.h.  */
| #include <stdio.h>
| #if HAVE_SYS_TYPES_H
| # include <sys/types.h>
| #endif
| #if HAVE_SYS_STAT_H
| # include <sys/stat.h>
| #endif
| #if STDC_HEADERS
| # include <stdlib.h>
| # include <stddef.h>
| #else
| # if HAVE_STDLIB_H
| #  include <stdlib.h>
| # endif
| #endif
| #if HAVE_STRING_H
| # if !STDC_HEADERS && HAVE_MEMORY_H
| #  include <memory.h>
| # endif
| # include <string.h>
| #endif
| #if HAVE_STRINGS_H
| # include <strings.h>
| #endif
| #if HAVE_INTTYPES_H
| # include <inttypes.h>
| #else
| # if HAVE_STDINT_H
| #  include <stdint.h>
| # endif
| #endif
| #if HAVE_UNISTD_H
| # include <unistd.h>
| #endif
| #include <sys/strlog.h>
configure:4132: result: no
configure:4136: checking sys/strlog.h presence
configure:4146: gcc -E  conftest.c
conftest.c:25:24: sys/strlog.h: No such file or directory
configure:4152: $? = 1
configure: failed program was:
| /* confdefs.h.  */
| 
| #define PACKAGE_NAME ""
| #define PACKAGE_TARNAME ""
| #define PACKAGE_VERSION ""
| #define PACKAGE_STRING ""
| #define PACKAGE_BUGREPORT ""
| #define PACKAGE "syslog-ng"
| #define VERSION "2.0rc4"
| #define YYTEXT_POINTER 1
| #define STDC_HEADERS 1
| #define HAVE_SYS_TYPES_H 1
| #define HAVE_SYS_STAT_H 1
| #define HAVE_STDLIB_H 1
| #define HAVE_STRING_H 1
| #define HAVE_MEMORY_H 1
| #define HAVE_STRINGS_H 1
| #define HAVE_INTTYPES_H 1
| #define HAVE_STDINT_H 1
| #define HAVE_UNISTD_H 1
| #define HAVE_STRINGS_H 1
| #define HAVE_GETOPT_H 1
| #define HAVE_STROPTS_H 1
| /* end confdefs.h.  */
| #include <sys/strlog.h>
configure:4172: result: no
configure:4207: checking for sys/strlog.h
configure:4214: result: no
configure:4092: checking door.h usability
configure:4104: gcc -c -g -O2  conftest.c >&5
conftest.c:59:18: door.h: No such file or directory
configure:4110: $? = 1
configure: failed program was:
| /* confdefs.h.  */
| 
| #define PACKAGE_NAME ""
| #define PACKAGE_TARNAME ""
| #define PACKAGE_VERSION ""
| #define PACKAGE_STRING ""
| #define PACKAGE_BUGREPORT ""
| #define PACKAGE "syslog-ng"
| #define VERSION "2.0rc4"
| #define YYTEXT_POINTER 1
| #define STDC_HEADERS 1
| #define HAVE_SYS_TYPES_H 1
| #define HAVE_SYS_STAT_H 1
| #define HAVE_STDLIB_H 1
| #define HAVE_STRING_H 1
| #define HAVE_MEMORY_H 1
| #define HAVE_STRINGS_H 1
| #define HAVE_INTTYPES_H 1
| #define HAVE_STDINT_H 1
| #define HAVE_UNISTD_H 1
| #define HAVE_STRINGS_H 1
| #define HAVE_GETOPT_H 1
| #define HAVE_STROPTS_H 1
| /* end confdefs.h.  */
| #include <stdio.h>
| #if HAVE_SYS_TYPES_H
| # include <sys/types.h>
| #endif
| #if HAVE_SYS_STAT_H
| # include <sys/stat.h>
| #endif
| #if STDC_HEADERS
| # include <stdlib.h>
| # include <stddef.h>
| #else
| # if HAVE_STDLIB_H
| #  include <stdlib.h>
| # endif
| #endif
| #if HAVE_STRING_H
| # if !STDC_HEADERS && HAVE_MEMORY_H
| #  include <memory.h>
| # endif
| # include <string.h>
| #endif
| #if HAVE_STRINGS_H
| # include <strings.h>
| #endif
| #if HAVE_INTTYPES_H
| # include <inttypes.h>
| #else
| # if HAVE_STDINT_H
| #  include <stdint.h>
| # endif
| #endif
| #if HAVE_UNISTD_H
| # include <unistd.h>
| #endif
| #include <door.h>
configure:4132: result: no
configure:4136: checking door.h presence
configure:4146: gcc -E  conftest.c
conftest.c:25:18: door.h: No such file or directory
configure:4152: $? = 1
configure: failed program was:
| /* confdefs.h.  */
| 
| #define PACKAGE_NAME ""
| #define PACKAGE_TARNAME ""
| #define PACKAGE_VERSION ""
| #define PACKAGE_STRING ""
| #define PACKAGE_BUGREPORT ""
| #define PACKAGE "syslog-ng"
| #define VERSION "2.0rc4"
| #define YYTEXT_POINTER 1
| #define STDC_HEADERS 1
| #define HAVE_SYS_TYPES_H 1
| #define HAVE_SYS_STAT_H 1
| #define HAVE_STDLIB_H 1
| #define HAVE_STRING_H 1
| #define HAVE_MEMORY_H 1
| #define HAVE_STRINGS_H 1
| #define HAVE_INTTYPES_H 1
| #define HAVE_STDINT_H 1
| #define HAVE_UNISTD_H 1
| #define HAVE_STRINGS_H 1
| #define HAVE_GETOPT_H 1
| #define HAVE_STROPTS_H 1
| /* end confdefs.h.  */
| #include <door.h>
configure:4172: result: no
configure:4207: checking for door.h
configure:4214: result: no
configure:4228: checking whether struct tm is in sys/time.h or time.h
configure:4251: gcc -c -g -O2  conftest.c >&5
configure:4257: $? = 0
configure:4260: test -z 			 || test ! -s conftest.err
configure:4263: $? = 0
configure:4266: test -s conftest.o
configure:4269: $? = 0
configure:4280: result: time.h
configure:4291: checking for struct tm.tm_gmtoff
configure:4320: gcc -c -g -O2  conftest.c >&5
configure:4326: $? = 0
configure:4329: test -z 			 || test ! -s conftest.err
configure:4332: $? = 0
configure:4335: test -s conftest.o
configure:4338: $? = 0
configure:4400: result: yes
configure:4411: checking for I_CONSLOG
conftest.c:27:24: sys/strlog.h: No such file or directory
configure:4436: result: no
configure:4441: checking for O_LARGEFILE
configure:4466: result: yes
configure:4479: checking for door_create in -ldoor
configure:4509: gcc -o conftest -g -O2   conftest.c -ldoor   >&5
/usr/bin/ld: cannot find -ldoor
collect2: ld returned 1 exit status
configure:4515: $? = 1
configure: failed program was:
| /* confdefs.h.  */
| 
| #define PACKAGE_NAME ""
| #define PACKAGE_TARNAME ""
| #define PACKAGE_VERSION ""
| #define PACKAGE_STRING ""
| #define PACKAGE_BUGREPORT ""
| #define PACKAGE "syslog-ng"
| #define VERSION "2.0rc4"
| #define YYTEXT_POINTER 1
| #define STDC_HEADERS 1
| #define HAVE_SYS_TYPES_H 1
| #define HAVE_SYS_STAT_H 1
| #define HAVE_STDLIB_H 1
| #define HAVE_STRING_H 1
| #define HAVE_MEMORY_H 1
| #define HAVE_STRINGS_H 1
| #define HAVE_INTTYPES_H 1
| #define HAVE_STDINT_H 1
| #define HAVE_UNISTD_H 1
| #define HAVE_STRINGS_H 1
| #define HAVE_GETOPT_H 1
| #define HAVE_STROPTS_H 1
| #define HAVE_STRUCT_TM_TM_GMTOFF 1
| #define HAVE_O_LARGEFILE 1
| /* end confdefs.h.  */
| 
| /* Override any gcc2 internal prototype to avoid an error.  */
| #ifdef __cplusplus
| extern "C"
| #endif
| /* We use char because int might match the return type of a gcc2
|    builtin and then its argument prototype would still apply.  */
| char door_create ();
| int
| main ()
| {
| door_create ();
|   ;
|   return 0;
| }
configure:4540: result: no
configure:4552: checking for socket in -lsocket
configure:4582: gcc -o conftest -g -O2   conftest.c -lsocket   >&5
/usr/bin/ld: cannot find -lsocket
collect2: ld returned 1 exit status
configure:4588: $? = 1
configure: failed program was:
| /* confdefs.h.  */
| 
| #define PACKAGE_NAME ""
| #define PACKAGE_TARNAME ""
| #define PACKAGE_VERSION ""
| #define PACKAGE_STRING ""
| #define PACKAGE_BUGREPORT ""
| #define PACKAGE "syslog-ng"
| #define VERSION "2.0rc4"
| #define YYTEXT_POINTER 1
| #define STDC_HEADERS 1
| #define HAVE_SYS_TYPES_H 1
| #define HAVE_SYS_STAT_H 1
| #define HAVE_STDLIB_H 1
| #define HAVE_STRING_H 1
| #define HAVE_MEMORY_H 1
| #define HAVE_STRINGS_H 1
| #define HAVE_INTTYPES_H 1
| #define HAVE_STDINT_H 1
| #define HAVE_UNISTD_H 1
| #define HAVE_STRINGS_H 1
| #define HAVE_GETOPT_H 1
| #define HAVE_STROPTS_H 1
| #define HAVE_STRUCT_TM_TM_GMTOFF 1
| #define HAVE_O_LARGEFILE 1
| /* end confdefs.h.  */
| 
| /* Override any gcc2 internal prototype to avoid an error.  */
| #ifdef __cplusplus
| extern "C"
| #endif
| /* We use char because int might match the return type of a gcc2
|    builtin and then its argument prototype would still apply.  */
| char socket ();
| int
| main ()
| {
| socket ();
|   ;
|   return 0;
| }
configure:4613: result: no
configure:4625: checking for nanosleep in -lrt
configure:4655: gcc -o conftest -g -O2   conftest.c -lrt   >&5
configure:4661: $? = 0
configure:4664: test -z 			 || test ! -s conftest.err
configure:4667: $? = 0
configure:4670: test -s conftest
configure:4673: $? = 0
configure:4686: result: yes
configure:4698: checking for gethostbyname in -lnsl
configure:4728: gcc -o conftest -g -O2   conftest.c -lnsl  -lrt  >&5
configure:4734: $? = 0
configure:4737: test -z 			 || test ! -s conftest.err
configure:4740: $? = 0
configure:4743: test -s conftest
configure:4746: $? = 0
configure:4759: result: yes
configure:4771: checking for regexec in -lregex
configure:4801: gcc -o conftest -g -O2   conftest.c -lregex  -lnsl -lrt  >&5
/usr/bin/ld: cannot find -lregex
collect2: ld returned 1 exit status
configure:4807: $? = 1
configure: failed program was:
| /* confdefs.h.  */
| 
| #define PACKAGE_NAME ""
| #define PACKAGE_TARNAME ""
| #define PACKAGE_VERSION ""
| #define PACKAGE_STRING ""
| #define PACKAGE_BUGREPORT ""
| #define PACKAGE "syslog-ng"
| #define VERSION "2.0rc4"
| #define YYTEXT_POINTER 1
| #define STDC_HEADERS 1
| #define HAVE_SYS_TYPES_H 1
| #define HAVE_SYS_STAT_H 1
| #define HAVE_STDLIB_H 1
| #define HAVE_STRING_H 1
| #define HAVE_MEMORY_H 1
| #define HAVE_STRINGS_H 1
| #define HAVE_INTTYPES_H 1
| #define HAVE_STDINT_H 1
| #define HAVE_UNISTD_H 1
| #define HAVE_STRINGS_H 1
| #define HAVE_GETOPT_H 1
| #define HAVE_STROPTS_H 1
| #define HAVE_STRUCT_TM_TM_GMTOFF 1
| #define HAVE_O_LARGEFILE 1
| #define HAVE_LIBRT 1
| #define HAVE_LIBNSL 1
| /* end confdefs.h.  */
| 
| /* Override any gcc2 internal prototype to avoid an error.  */
| #ifdef __cplusplus
| extern "C"
| #endif
| /* We use char because int might match the return type of a gcc2
|    builtin and then its argument prototype would still apply.  */
| char regexec ();
| int
| main ()
| {
| regexec ();
|   ;
|   return 0;
| }
configure:4832: result: no
configure:4853: checking for strdup
configure:4910: gcc -o conftest -g -O2   conftest.c -lnsl -lrt  >&5
configure:4916: $? = 0
configure:4919: test -z 			 || test ! -s conftest.err
configure:4922: $? = 0
configure:4925: test -s conftest
configure:4928: $? = 0
configure:4940: result: yes
configure:4853: checking for strtol
configure:4910: gcc -o conftest -g -O2   conftest.c -lnsl -lrt  >&5
configure:4916: $? = 0
configure:4919: test -z 			 || test ! -s conftest.err
configure:4922: $? = 0
configure:4925: test -s conftest
configure:4928: $? = 0
configure:4940: result: yes
configure:4853: checking for inet_aton
configure:4910: gcc -o conftest -g -O2   conftest.c -lnsl -lrt  >&5
configure:4916: $? = 0
configure:4919: test -z 			 || test ! -s conftest.err
configure:4922: $? = 0
configure:4925: test -s conftest
configure:4928: $? = 0
configure:4940: result: yes
configure:4853: checking for inet_ntoa
configure:4910: gcc -o conftest -g -O2   conftest.c -lnsl -lrt  >&5
configure:4916: $? = 0
configure:4919: test -z 			 || test ! -s conftest.err
configure:4922: $? = 0
configure:4925: test -s conftest
configure:4928: $? = 0
configure:4940: result: yes
configure:4853: checking for getopt_long
configure:4910: gcc -o conftest -g -O2   conftest.c -lnsl -lrt  >&5
configure:4916: $? = 0
configure:4919: test -z 			 || test ! -s conftest.err
configure:4922: $? = 0
configure:4925: test -s conftest
configure:4928: $? = 0
configure:4940: result: yes
configure:4853: checking for getaddrinfo
configure:4910: gcc -o conftest -g -O2   conftest.c -lnsl -lrt  >&5
configure:4916: $? = 0
configure:4919: test -z 			 || test ! -s conftest.err
configure:4922: $? = 0
configure:4925: test -s conftest
configure:4928: $? = 0
configure:4940: result: yes
configure:5255: checking whether to enable Sun STREAMS support
configure:5266: result: no
configure:5270: checking whether to enable Sun door support
configure:5278: result: no
configure:5370: checking for pkg-config
configure:5388: found /usr/bin/pkg-config
configure:5400: result: /usr/bin/pkg-config
configure:5415: checking pkg-config is at least version 0.9.0
configure:5418: result: yes
configure:5429: checking for GLIB
configure:5437: $PKG_CONFIG --exists --print-errors "glib-2.0"
configure:5440: $? = 0
configure:5455: $PKG_CONFIG --exists --print-errors "glib-2.0"
configure:5458: $? = 0
configure:5534: result: yes
configure:5540: checking for EVTLOG
configure:5548: $PKG_CONFIG --exists --print-errors "eventlog"
configure:5551: $? = 0
configure:5566: $PKG_CONFIG --exists --print-errors "eventlog"
configure:5569: $? = 0
configure:5645: result: yes
configure:5652: checking for static GLib libraries
configure:5683: gcc -o conftest -g -O2   conftest.c -static -lglib-2.0   >&5
configure:5689: $? = 0
configure:5692: test -z 			 || test ! -s conftest.err
configure:5695: $? = 0
configure:5698: test -s conftest
configure:5701: $? = 0
configure:5713: result: yes
configure:5872: creating ./config.status

## ---------------------- ##
## Running config.status. ##
## ---------------------- ##

This file was extended by config.status, which was
generated by GNU Autoconf 2.59.  Invocation command line was

  CONFIG_FILES    = 
  CONFIG_HEADERS  = 
  CONFIG_LINKS    = 
  CONFIG_COMMANDS = 
  $ ./config.status 

on relay.xlliu.localdomain

config.status:752: creating dist.conf
config.status:752: creating Makefile
config.status:752: creating src/Makefile
config.status:752: creating doc/Makefile
config.status:752: creating doc/docvars.xml
config.status:752: creating contrib/Makefile
config.status:752: creating tests/Makefile
config.status:752: creating tests/unit/Makefile
config.status:752: creating tests/functional/Makefile
config.status:818: creating config.h
config.status:1155: executing depfiles commands

## ---------------- ##
## Cache variables. ##
## ---------------- ##

ac_cv_c_compiler_gnu=yes
ac_cv_env_CC_set=
ac_cv_env_CC_value=
ac_cv_env_CFLAGS_set=
ac_cv_env_CFLAGS_value=
ac_cv_env_CPPFLAGS_set=
ac_cv_env_CPPFLAGS_value=
ac_cv_env_CPP_set=
ac_cv_env_CPP_value=
ac_cv_env_EVTLOG_CFLAGS_set=
ac_cv_env_EVTLOG_CFLAGS_value=
ac_cv_env_EVTLOG_LIBS_set=
ac_cv_env_EVTLOG_LIBS_value=
ac_cv_env_GLIB_CFLAGS_set=
ac_cv_env_GLIB_CFLAGS_value=
ac_cv_env_GLIB_LIBS_set=
ac_cv_env_GLIB_LIBS_value=
ac_cv_env_LDFLAGS_set=
ac_cv_env_LDFLAGS_value=
ac_cv_env_PKG_CONFIG_set=
ac_cv_env_PKG_CONFIG_value=
ac_cv_env_build_alias_set=
ac_cv_env_build_alias_value=
ac_cv_env_host_alias_set=
ac_cv_env_host_alias_value=
ac_cv_env_target_alias_set=
ac_cv_env_target_alias_value=
ac_cv_exeext=
ac_cv_func_getaddrinfo=yes
ac_cv_func_getopt_long=yes
ac_cv_func_inet_aton=yes
ac_cv_func_inet_ntoa=yes
ac_cv_func_strdup=yes
ac_cv_func_strtol=yes
ac_cv_header_dmalloc_h=yes
ac_cv_header_door_h=no
ac_cv_header_getopt_h=yes
ac_cv_header_inttypes_h=yes
ac_cv_header_memory_h=yes
ac_cv_header_openssl_ssl_h=no
ac_cv_header_stdc=yes
ac_cv_header_stdint_h=yes
ac_cv_header_stdlib_h=yes
ac_cv_header_string_h=yes
ac_cv_header_strings_h=yes
ac_cv_header_stropts_h=yes
ac_cv_header_sys_stat_h=yes
ac_cv_header_sys_strlog_h=no
ac_cv_header_sys_types_h=yes
ac_cv_header_unistd_h=yes
ac_cv_lib_door_door_create=no
ac_cv_lib_fl_yywrap=yes
ac_cv_lib_nsl_gethostbyname=yes
ac_cv_lib_regex_regexec=no
ac_cv_lib_rt_nanosleep=yes
ac_cv_lib_socket_socket=no
ac_cv_member_struct_tm_tm_gmtoff=yes
ac_cv_objext=o
ac_cv_path_ac_pt_PKG_CONFIG=/usr/bin/pkg-config
ac_cv_path_install='/usr/bin/install -c'
ac_cv_prog_AWK=gawk
ac_cv_prog_CPP='gcc -E'
ac_cv_prog_LEX=flex
ac_cv_prog_YACC='bison -y'
ac_cv_prog_ac_ct_CC=gcc
ac_cv_prog_ac_ct_RANLIB=ranlib
ac_cv_prog_cc_g=yes
ac_cv_prog_cc_stdc=
ac_cv_prog_egrep='grep -E'
ac_cv_prog_lex_root=lex.yy
ac_cv_prog_lex_yytext_pointer=yes
ac_cv_prog_make_make_set=yes
ac_cv_struct_tm=time.h
am_cv_CC_dependencies_compiler_type=gcc3
am_cv_prog_cc_stdc=
blb_cv_c_i_conslog=no
blb_cv_c_o_largefile=yes
blb_cv_static_glib=yes
pkg_cv_EVTLOG_CFLAGS='-I/usr/include/eventlog  '
pkg_cv_EVTLOG_LIBS='-levtlog  '
pkg_cv_GLIB_CFLAGS='-I/usr/include/glib-2.0 -I/usr/lib/glib-2.0/include  '
pkg_cv_GLIB_LIBS='-lglib-2.0  '

## ----------------- ##
## Output variables. ##
## ----------------- ##

ACLOCAL='${SHELL} /home/xlliu/syslog-ng-2.0rc4/missing --run aclocal-1.7'
AMDEPBACKSLASH='\'
AMDEP_FALSE='#'
AMDEP_TRUE=''
AMTAR='${SHELL} /home/xlliu/syslog-ng-2.0rc4/missing --run tar'
AUTOCONF='${SHELL} /home/xlliu/syslog-ng-2.0rc4/missing --run autoconf'
AUTOHEADER='${SHELL} /home/xlliu/syslog-ng-2.0rc4/missing --run autoheader'
AUTOMAKE='${SHELL} /home/xlliu/syslog-ng-2.0rc4/missing --run automake-1.7'
AWK='gawk'
CC='gcc'
CCDEPMODE='depmode=gcc3'
CFLAGS='-g -O2 -Wall -g'
CPP='gcc -E'
CPPFLAGS=' -I/usr/include/glib-2.0 -I/usr/lib/glib-2.0/include   -I/usr/include/eventlog   -D_GNU_SOURCE'
CURRDATE='Wed, 29 Nov 2006 10:58:17 -0500'
CYGPATH_W='echo'
DEFS='-DHAVE_CONFIG_H'
DEPDIR='.deps'
DEPS_CPPFLAGS=' -I/usr/include/glib-2.0 -I/usr/lib/glib-2.0/include   -I/usr/include/eventlog  '
DEPS_LIBS='-lnsl -lrt  -lfl -lglib-2.0   -levtlog  '
ECHO_C=''
ECHO_N='-n'
ECHO_T=''
EGREP='grep -E'
EVTLOG_CFLAGS='-I/usr/include/eventlog  '
EVTLOG_LIBS='-levtlog  '
EXEEXT=''
GLIB_CFLAGS='-I/usr/include/glib-2.0 -I/usr/lib/glib-2.0/include  '
GLIB_LIBS='-lglib-2.0  '
INSTALL_DATA='${INSTALL} -m 644'
INSTALL_PROGRAM='${INSTALL}'
INSTALL_SCRIPT='${INSTALL}'
INSTALL_STRIP_PROGRAM='${SHELL} $(install_sh) -c -s'
LDFLAGS=''
LEX='flex'
LEXLIB='-lfl'
LEX_OUTPUT_ROOT='lex.yy'
LIBOBJS=''
LIBS='-lnsl -lrt  -lfl -lglib-2.0   -levtlog  '
LTLIBOBJS=''
MAKEINFO='${SHELL} /home/xlliu/syslog-ng-2.0rc4/missing --run makeinfo'
OBJEXT='o'
PACKAGE='syslog-ng'
PACKAGE_BUGREPORT=''
PACKAGE_NAME=''
PACKAGE_STRING=''
PACKAGE_TARNAME=''
PACKAGE_VERSION=''
PATH_SEPARATOR=':'
PKG_CONFIG='/usr/bin/pkg-config'
RANLIB='ranlib'
RELEASE_TAG=''
SET_MAKE=''
SHELL='/bin/sh'
SNAPSHOT_VERSION=''
SOURCE_REVISION=''
STRIP=''
VERSION='2.0rc4'
YACC='bison -y'
YFLAGS='-d'
ac_ct_CC='gcc'
ac_ct_RANLIB='ranlib'
ac_ct_STRIP=''
ac_pt_PKG_CONFIG='/usr/bin/pkg-config'
am__fastdepCC_FALSE='#'
am__fastdepCC_TRUE=''
am__include='include'
am__leading_dot='.'
am__quote=''
bindir='${exec_prefix}/bin'
build_alias=''
datadir='${prefix}/share'
exec_prefix='${prefix}'
host_alias=''
includedir='${prefix}/include'
infodir='${prefix}/info'
install_sh='/home/xlliu/syslog-ng-2.0rc4/install-sh'
libdir='${exec_prefix}/lib'
libexecdir='${exec_prefix}/libexec'
localstatedir='${prefix}/var'
mandir='${prefix}/man'
oldincludedir='/usr/include'
prefix='/usr'
program_transform_name='s,x,x,'
sbindir='${exec_prefix}/sbin'
sharedstatedir='${prefix}/com'
sysconfdir='${prefix}/etc'
target_alias=''

## ----------- ##
## confdefs.h. ##
## ----------- ##

#define ENABLE_DEBUG 0
#define ENABLE_IPV6 1
#define ENABLE_MEM_TRACE 0
#define ENABLE_SSL 0
#define ENABLE_SUN_DOOR 0
#define ENABLE_SUN_STREAMS 0
#define HAVE_GETADDRINFO 1
#define HAVE_GETOPT_H 1
#define HAVE_GETOPT_LONG 1
#define HAVE_INET_ATON 1
#define HAVE_INET_NTOA 1
#define HAVE_INTTYPES_H 1
#define HAVE_LIBNSL 1
#define HAVE_LIBRT 1
#define HAVE_MEMORY_H 1
#define HAVE_O_LARGEFILE 1
#define HAVE_STDINT_H 1
#define HAVE_STDLIB_H 1
#define HAVE_STRDUP 1
#define HAVE_STRINGS_H 1
#define HAVE_STRINGS_H 1
#define HAVE_STRING_H 1
#define HAVE_STROPTS_H 1
#define HAVE_STRTOL 1
#define HAVE_STRUCT_TM_TM_GMTOFF 1
#define HAVE_SYS_STAT_H 1
#define HAVE_SYS_TYPES_H 1
#define HAVE_UNISTD_H 1
#define PACKAGE "syslog-ng"
#define PACKAGE_BUGREPORT ""
#define PACKAGE_NAME ""
#define PACKAGE_STRING ""
#define PACKAGE_TARNAME ""
#define PACKAGE_VERSION ""
#define PATH_SYSCONFDIR "/usr/etc"
#define STDC_HEADERS 1
#define VERSION "2.0rc4"
#define YYTEXT_POINTER 1

configure: exit 0
