This file contains any messages produced by compilers while
running configure, to aid debugging if configure makes a mistake.

It was created by configure, which was
generated by GNU Autoconf 2.59.  Invocation command line was

  $ ./configure --prefix=/usr

## --------- ##
## Platform. ##
## --------- ##

hostname = relay.xlliu.localdomain
uname -m = i686
uname -r = 2.4.20-8
uname -s = Linux
uname -v = #1 Thu Mar 13 17:54:28 EST 2003

/usr/bin/uname -p = unknown
/bin/uname -X     = unknown

/bin/arch              = i686
/usr/bin/arch -k       = unknown
/usr/convex/getsysinfo = unknown
hostinfo               = unknown
/bin/machine           = unknown
/usr/bin/oslevel       = unknown
/bin/universe          = unknown

PATH: /usr/kerberos/sbin
PATH: /usr/kerberos/bin
PATH: /usr/local/sbin
PATH: /usr/local/bin
PATH: /sbin
PATH: /bin
PATH: /usr/sbin
PATH: /usr/bin
PATH: /usr/X11R6/bin
PATH: /root/bin


## ----------- ##
## Core tests. ##
## ----------- ##

configure:1555: checking for a BSD-compatible install
configure:1610: result: /usr/bin/install -c
configure:1621: checking whether build environment is sane
configure:1664: result: yes
configure:1697: checking for gawk
configure:1713: found /bin/gawk
configure:1723: result: gawk
configure:1733: checking whether make sets $(MAKE)
configure:1753: result: yes
configure:1970: checking for gcc
configure:1986: found /usr/bin/gcc
configure:1996: result: gcc
configure:2240: checking for C compiler version
configure:2243: gcc --version </dev/null >&5
gcc (GCC) 3.2.2 20030222 (Red Hat Linux 3.2.2-5)
Copyright (C) 2002 Free Software Foundation, Inc.
This is free software; see the source for copying conditions.  There is NO
warranty; not even for MERCHANTABILITY or FITNESS FOR A PARTICULAR PURPOSE.

configure:2246: $? = 0
configure:2248: gcc -v </dev/null >&5
Reading specs from /usr/lib/gcc-lib/i386-redhat-linux/3.2.2/specs
Configured with: ../configure --prefix=/usr --mandir=/usr/share/man --infodir=/usr/share/info --enable-shared --enable-threads=posix --disable-checking --with-system-zlib --enable-__cxa_atexit --host=i386-redhat-linux
Thread model: posix
gcc version 3.2.2 20030222 (Red Hat Linux 3.2.2-5)
configure:2251: $? = 0
configure:2253: gcc -V </dev/null >&5
gcc: argument to `-V' is missing
configure:2256: $? = 1
configure:2279: checking for C compiler default output file name
configure:2282: gcc  -Wall -g -D_GNU_SOURCE  conftest.c  >&5
configure:2285: $? = 0
configure:2331: result: a.out
configure:2336: checking whether the C compiler works
configure:2342: ./a.out
configure:2345: $? = 0
configure:2362: result: yes
configure:2369: checking whether we are cross compiling
configure:2371: result: no
configure:2374: checking for suffix of executables
configure:2376: gcc -o conftest  -Wall -g -D_GNU_SOURCE  conftest.c  >&5
configure:2379: $? = 0
configure:2404: result: 
configure:2410: checking for suffix of object files
configure:2431: gcc -c  -Wall -g -D_GNU_SOURCE conftest.c >&5
configure:2434: $? = 0
configure:2456: result: o
configure:2460: checking whether we are using the GNU C compiler
configure:2484: gcc -c  -Wall -g -D_GNU_SOURCE conftest.c >&5
configure:2490: $? = 0
configure:2493: test -z 			 || test ! -s conftest.err
configure:2496: $? = 0
configure:2499: test -s conftest.o
configure:2502: $? = 0
configure:2515: result: yes
configure:2521: checking whether gcc accepts -g
configure:2542: gcc -c -g -D_GNU_SOURCE conftest.c >&5
configure:2548: $? = 0
configure:2551: test -z 			 || test ! -s conftest.err
configure:2554: $? = 0
configure:2557: test -s conftest.o
configure:2560: $? = 0
configure:2571: result: yes
configure:2588: checking for gcc option to accept ANSI C
configure:2658: gcc  -c  -Wall -g -D_GNU_SOURCE conftest.c >&5
configure:2664: $? = 0
configure:2667: test -z 			 || test ! -s conftest.err
configure:2670: $? = 0
configure:2673: test -s conftest.o
configure:2676: $? = 0
configure:2694: result: none needed
configure:2712: gcc -c  -Wall -g -D_GNU_SOURCE conftest.c >&5
conftest.c:2: parse error before "me"
configure:2718: $? = 1
configure: failed program was:
| #ifndef __cplusplus
|   choke me
| #endif
configure:2859: checking for style of include used by make
configure:2887: result: GNU
configure:2915: checking dependency style of gcc
configure:2998: result: gcc3
configure:3093: checking build system type
configure:3111: result: i686-pc-linux-gnu
configure:3119: checking host system type
configure:3133: result: i686-pc-linux-gnu
configure:3141: checking for a sed that does not truncate output
configure:3195: result: /bin/sed
configure:3198: checking for egrep
configure:3208: result: grep -E
configure:3224: checking for ld used by gcc
configure:3291: result: /usr/bin/ld
configure:3300: checking if the linker (/usr/bin/ld) is GNU ld
configure:3315: result: yes
configure:3320: checking for /usr/bin/ld option to reload object files
configure:3327: result: -r
configure:3345: checking for BSD-compatible nm
configure:3394: result: /usr/bin/nm -B
configure:3398: checking whether ln -s works
configure:3402: result: yes
configure:3409: checking how to recognise dependent libraries
configure:3585: result: pass_all
configure:3821: checking how to run the C preprocessor
configure:3856: gcc -E -D_GNU_SOURCE conftest.c
configure:3862: $? = 0
configure:3894: gcc -E -D_GNU_SOURCE conftest.c
conftest.c:9:28: ac_nonexistent.h: No such file or directory
configure:3900: $? = 1
configure: failed program was:
| /* confdefs.h.  */
| 
| #define PACKAGE_NAME ""
| #define PACKAGE_TARNAME ""
| #define PACKAGE_VERSION ""
| #define PACKAGE_STRING ""
| #define PACKAGE_BUGREPORT ""
| /* end confdefs.h.  */
| #include <ac_nonexistent.h>
configure:3939: result: gcc -E
configure:3963: gcc -E -D_GNU_SOURCE conftest.c
configure:3969: $? = 0
configure:4001: gcc -E -D_GNU_SOURCE conftest.c
conftest.c:9:28: ac_nonexistent.h: No such file or directory
configure:4007: $? = 1
configure: failed program was:
| /* confdefs.h.  */
| 
| #define PACKAGE_NAME ""
| #define PACKAGE_TARNAME ""
| #define PACKAGE_VERSION ""
| #define PACKAGE_STRING ""
| #define PACKAGE_BUGREPORT ""
| /* end confdefs.h.  */
| #include <ac_nonexistent.h>
configure:4051: checking for ANSI C header files
configure:4076: gcc -c  -Wall -g -D_GNU_SOURCE conftest.c >&5
configure:4082: $? = 0
configure:4085: test -z 			 || test ! -s conftest.err
configure:4088: $? = 0
configure:4091: test -s conftest.o
configure:4094: $? = 0
configure:4180: gcc -o conftest  -Wall -g -D_GNU_SOURCE  conftest.c  >&5
conftest.c: In function `main':
conftest.c:26: warning: implicit declaration of function `exit'
configure:4183: $? = 0
configure:4185: ./conftest
configure:4188: $? = 0
configure:4203: result: yes
configure:4227: checking for sys/types.h
configure:4243: gcc -c  -Wall -g -D_GNU_SOURCE conftest.c >&5
configure:4249: $? = 0
configure:4252: test -z 			 || test ! -s conftest.err
configure:4255: $? = 0
configure:4258: test -s conftest.o
configure:4261: $? = 0
configure:4272: result: yes
configure:4227: checking for sys/stat.h
configure:4243: gcc -c  -Wall -g -D_GNU_SOURCE conftest.c >&5
configure:4249: $? = 0
configure:4252: test -z 			 || test ! -s conftest.err
configure:4255: $? = 0
configure:4258: test -s conftest.o
configure:4261: $? = 0
configure:4272: result: yes
configure:4227: checking for stdlib.h
configure:4243: gcc -c  -Wall -g -D_GNU_SOURCE conftest.c >&5
configure:4249: $? = 0
configure:4252: test -z 			 || test ! -s conftest.err
configure:4255: $? = 0
configure:4258: test -s conftest.o
configure:4261: $? = 0
configure:4272: result: yes
configure:4227: checking for string.h
configure:4243: gcc -c  -Wall -g -D_GNU_SOURCE conftest.c >&5
configure:4249: $? = 0
configure:4252: test -z 			 || test ! -s conftest.err
configure:4255: $? = 0
configure:4258: test -s conftest.o
configure:4261: $? = 0
configure:4272: result: yes
configure:4227: checking for memory.h
configure:4243: gcc -c  -Wall -g -D_GNU_SOURCE conftest.c >&5
configure:4249: $? = 0
configure:4252: test -z 			 || test ! -s conftest.err
configure:4255: $? = 0
configure:4258: test -s conftest.o
configure:4261: $? = 0
configure:4272: result: yes
configure:4227: checking for strings.h
configure:4243: gcc -c  -Wall -g -D_GNU_SOURCE conftest.c >&5
configure:4249: $? = 0
configure:4252: test -z 			 || test ! -s conftest.err
configure:4255: $? = 0
configure:4258: test -s conftest.o
configure:4261: $? = 0
configure:4272: result: yes
configure:4227: checking for inttypes.h
configure:4243: gcc -c  -Wall -g -D_GNU_SOURCE conftest.c >&5
configure:4249: $? = 0
configure:4252: test -z 			 || test ! -s conftest.err
configure:4255: $? = 0
configure:4258: test -s conftest.o
configure:4261: $? = 0
configure:4272: result: yes
configure:4227: checking for stdint.h
configure:4243: gcc -c  -Wall -g -D_GNU_SOURCE conftest.c >&5
configure:4249: $? = 0
configure:4252: test -z 			 || test ! -s conftest.err
configure:4255: $? = 0
configure:4258: test -s conftest.o
configure:4261: $? = 0
configure:4272: result: yes
configure:4227: checking for unistd.h
configure:4243: gcc -c  -Wall -g -D_GNU_SOURCE conftest.c >&5
configure:4249: $? = 0
configure:4252: test -z 			 || test ! -s conftest.err
configure:4255: $? = 0
configure:4258: test -s conftest.o
configure:4261: $? = 0
configure:4272: result: yes
configure:4298: checking dlfcn.h usability
configure:4310: gcc -c  -Wall -g -D_GNU_SOURCE conftest.c >&5
configure:4316: $? = 0
configure:4319: test -z 			 || test ! -s conftest.err
configure:4322: $? = 0
configure:4325: test -s conftest.o
configure:4328: $? = 0
configure:4338: result: yes
configure:4342: checking dlfcn.h presence
configure:4352: gcc -E -D_GNU_SOURCE conftest.c
configure:4358: $? = 0
configure:4378: result: yes
configure:4413: checking for dlfcn.h
configure:4420: result: yes
configure:4485: checking for g++
configure:4501: found /usr/bin/g++
configure:4511: result: g++
configure:4527: checking for C++ compiler version
configure:4530: g++ --version </dev/null >&5
g++ (GCC) 3.2.2 20030222 (Red Hat Linux 3.2.2-5)
Copyright (C) 2002 Free Software Foundation, Inc.
This is free software; see the source for copying conditions.  There is NO
warranty; not even for MERCHANTABILITY or FITNESS FOR A PARTICULAR PURPOSE.

configure:4533: $? = 0
configure:4535: g++ -v </dev/null >&5
Reading specs from /usr/lib/gcc-lib/i386-redhat-linux/3.2.2/specs
Configured with: ../configure --prefix=/usr --mandir=/usr/share/man --infodir=/usr/share/info --enable-shared --enable-threads=posix --disable-checking --with-system-zlib --enable-__cxa_atexit --host=i386-redhat-linux
Thread model: posix
gcc version 3.2.2 20030222 (Red Hat Linux 3.2.2-5)
configure:4538: $? = 0
configure:4540: g++ -V </dev/null >&5
g++: argument to `-V' missing

configure:4543: $? = 1
configure:4546: checking whether we are using the GNU C++ compiler
configure:4570: g++ -c  -D_GNU_SOURCE conftest.cc >&5
configure:4576: $? = 0
configure:4579: test -z 			 || test ! -s conftest.err
configure:4582: $? = 0
configure:4585: test -s conftest.o
configure:4588: $? = 0
configure:4601: result: yes
configure:4607: checking whether g++ accepts -g
configure:4628: g++ -c -g -D_GNU_SOURCE conftest.cc >&5
configure:4634: $? = 0
configure:4637: test -z 			 || test ! -s conftest.err
configure:4640: $? = 0
configure:4643: test -s conftest.o
configure:4646: $? = 0
configure:4657: result: yes
configure:4699: g++ -c -g -O2 -D_GNU_SOURCE conftest.cc >&5
configure:4705: $? = 0
configure:4708: test -z 			 || test ! -s conftest.err
configure:4711: $? = 0
configure:4714: test -s conftest.o
configure:4717: $? = 0
configure:4743: g++ -c -g -O2 -D_GNU_SOURCE conftest.cc >&5
conftest.cc: In function `int main()':
conftest.cc:24: `exit' undeclared (first use this function)
conftest.cc:24: (Each undeclared identifier is reported only once for each 
   function it appears in.)
configure:4749: $? = 1
configure: failed program was:
| /* confdefs.h.  */
| 
| #define PACKAGE_NAME ""
| #define PACKAGE_TARNAME ""
| #define PACKAGE_VERSION ""
| #define PACKAGE_STRING ""
| #define PACKAGE_BUGREPORT ""
| #define STDC_HEADERS 1
| #define HAVE_SYS_TYPES_H 1
| #define HAVE_SYS_STAT_H 1
| #define HAVE_STDLIB_H 1
| #define HAVE_STRING_H 1
| #define HAVE_MEMORY_H 1
| #define HAVE_STRINGS_H 1
| #define HAVE_INTTYPES_H 1
| #define HAVE_STDINT_H 1
| #define HAVE_UNISTD_H 1
| #define HAVE_DLFCN_H 1
| /* end confdefs.h.  */
| 
| int
| main ()
| {
| exit (42);
|   ;
|   return 0;
| }
configure:4699: g++ -c -g -O2 -D_GNU_SOURCE conftest.cc >&5
configure:4705: $? = 0
configure:4708: test -z 			 || test ! -s conftest.err
configure:4711: $? = 0
configure:4714: test -s conftest.o
configure:4717: $? = 0
configure:4743: g++ -c -g -O2 -D_GNU_SOURCE conftest.cc >&5
configure:4749: $? = 0
configure:4752: test -z 			 || test ! -s conftest.err
configure:4755: $? = 0
configure:4758: test -s conftest.o
configure:4761: $? = 0
configure:4786: checking dependency style of g++
configure:4869: result: gcc3
configure:4896: checking how to run the C++ preprocessor
configure:4927: g++ -E -D_GNU_SOURCE conftest.cc
configure:4933: $? = 0
configure:4965: g++ -E -D_GNU_SOURCE conftest.cc
conftest.cc:23:28: ac_nonexistent.h: No such file or directory
configure:4971: $? = 1
configure: failed program was:
| /* confdefs.h.  */
| 
| #define PACKAGE_NAME ""
| #define PACKAGE_TARNAME ""
| #define PACKAGE_VERSION ""
| #define PACKAGE_STRING ""
| #define PACKAGE_BUGREPORT ""
| #define STDC_HEADERS 1
| #define HAVE_SYS_TYPES_H 1
| #define HAVE_SYS_STAT_H 1
| #define HAVE_STDLIB_H 1
| #define HAVE_STRING_H 1
| #define HAVE_MEMORY_H 1
| #define HAVE_STRINGS_H 1
| #define HAVE_INTTYPES_H 1
| #define HAVE_STDINT_H 1
| #define HAVE_UNISTD_H 1
| #define HAVE_DLFCN_H 1
| #ifdef __cplusplus
| extern "C" void std::exit (int) throw (); using std::exit;
| #endif
| /* end confdefs.h.  */
| #include <ac_nonexistent.h>
configure:5010: result: g++ -E
configure:5034: g++ -E -D_GNU_SOURCE conftest.cc
configure:5040: $? = 0
configure:5072: g++ -E -D_GNU_SOURCE conftest.cc
conftest.cc:23:28: ac_nonexistent.h: No such file or directory
configure:5078: $? = 1
configure: failed program was:
| /* confdefs.h.  */
| 
| #define PACKAGE_NAME ""
| #define PACKAGE_TARNAME ""
| #define PACKAGE_VERSION ""
| #define PACKAGE_STRING ""
| #define PACKAGE_BUGREPORT ""
| #define STDC_HEADERS 1
| #define HAVE_SYS_TYPES_H 1
| #define HAVE_SYS_STAT_H 1
| #define HAVE_STDLIB_H 1
| #define HAVE_STRING_H 1
| #define HAVE_MEMORY_H 1
| #define HAVE_STRINGS_H 1
| #define HAVE_INTTYPES_H 1
| #define HAVE_STDINT_H 1
| #define HAVE_UNISTD_H 1
| #define HAVE_DLFCN_H 1
| #ifdef __cplusplus
| extern "C" void std::exit (int) throw (); using std::exit;
| #endif
| /* end confdefs.h.  */
| #include <ac_nonexistent.h>
configure:5175: checking for g77
configure:5191: found /usr/bin/g77
configure:5201: result: g77
configure:5219: checking for Fortran 77 compiler version
configure:5219: g77 --version </dev/null >&5
GNU Fortran (GCC 3.2.2 20030222 (Red Hat Linux 3.2.2-5)) 3.2.2 20030222 (Red Hat Linux 3.2.2-5)
Copyright (C) 2002 Free Software Foundation, Inc.

GNU Fortran comes with NO WARRANTY, to the extent permitted by law.
You may redistribute copies of GNU Fortran
under the terms of the GNU General Public License.
For more information about these matters, see the file named COPYING
or type the command `info -f g77 Copying'.
configure:5222: $? = 0
configure:5224: g77 -v </dev/null >&5
Reading specs from /usr/lib/gcc-lib/i386-redhat-linux/3.2.2/specs
Configured with: ../configure --prefix=/usr --mandir=/usr/share/man --infodir=/usr/share/info --enable-shared --enable-threads=posix --disable-checking --with-system-zlib --enable-__cxa_atexit --host=i386-redhat-linux
Thread model: posix
gcc version 3.2.2 20030222 (Red Hat Linux 3.2.2-5)
configure:5227: $? = 0
configure:5229: g77 -V </dev/null >&5
g77: argument to `-V' missing
configure:5232: $? = 1
configure:5240: checking whether we are using the GNU Fortran 77 compiler
configure:5254: g77 -c  conftest.F >&5
configure:5260: $? = 0
configure:5263: test -z 			 || test ! -s conftest.err
configure:5266: $? = 0
configure:5269: test -s conftest.o
configure:5272: $? = 0
configure:5285: result: yes
configure:5291: checking whether g77 accepts -g
configure:5303: g77 -c -g conftest.f >&5
configure:5309: $? = 0
configure:5312: test -z 			 || test ! -s conftest.err
configure:5315: $? = 0
configure:5318: test -s conftest.o
configure:5321: $? = 0
configure:5333: result: yes
configure:5363: checking the maximum length of command line arguments
configure:5472: result: 32768
configure:5483: checking command to parse /usr/bin/nm -B output from gcc object
configure:5588: gcc -c  -Wall -g -D_GNU_SOURCE conftest.c >&5
configure:5591: $? = 0
configure:5595: /usr/bin/nm -B conftest.o \| sed -n -e 's/^.*[ 	]\([ABCDGIRSTW][ABCDGIRSTW]*\)[ 	][ 	]*\([_A-Za-z][_A-Za-z0-9]*\)$/\1 \2 \2/p' \> conftest.nm
configure:5598: $? = 0
configure:5650: gcc -o conftest  -Wall -g -D_GNU_SOURCE  conftest.c conftstm.o >&5
configure:5653: $? = 0
configure:5691: result: ok
configure:5695: checking for objdir
configure:5710: result: .libs
configure:5800: checking for ar
configure:5816: found /usr/bin/ar
configure:5827: result: ar
configure:5880: checking for ranlib
configure:5896: found /usr/bin/ranlib
configure:5907: result: ranlib
configure:5960: checking for strip
configure:5976: found /usr/bin/strip
configure:5987: result: strip
configure:6259: checking if gcc supports -fno-rtti -fno-exceptions
configure:6280: gcc -c  -Wall -g -D_GNU_SOURCE -fno-rtti -fno-exceptions conftest.c >&5
configure:6284: $? = 0
configure:6294: result: yes
configure:6309: checking for gcc option to produce PIC
configure:6519: result: -fPIC
configure:6527: checking if gcc PIC flag -fPIC works
configure:6548: gcc -c  -Wall -g -D_GNU_SOURCE -fPIC -DPIC conftest.c >&5
configure:6552: $? = 0
configure:6562: result: yes
configure:6590: checking if gcc static flag -static works
configure:6618: result: yes
configure:6628: checking if gcc supports -c -o file.o
configure:6652: gcc -c  -Wall -g -D_GNU_SOURCE -o out/conftest2.o conftest.c >&5
configure:6656: $? = 0
configure:6675: result: yes
configure:6701: checking whether the gcc linker (/usr/bin/ld) supports shared libraries
configure:7667: result: yes
configure:7688: checking whether -lc should be explicitly linked in
configure:7693: gcc -c  -Wall -g -D_GNU_SOURCE conftest.c >&5
configure:7696: $? = 0
configure:7711: gcc -shared conftest.o  -v -Wl,-soname -Wl,conftest -o conftest 2\>\&1 \| grep  -lc  \>/dev/null 2\>\&1
configure:7714: $? = 0
configure:7726: result: no
configure:7734: checking dynamic linker characteristics
configure:8334: result: GNU/Linux ld.so
configure:8343: checking how to hardcode library paths into programs
configure:8368: result: immediate
configure:8382: checking whether stripping libraries is possible
configure:8387: result: yes
configure:9214: checking if libtool supports shared libraries
configure:9216: result: yes
configure:9219: checking whether to build shared libraries
configure:9240: result: yes
configure:9243: checking whether to build static libraries
configure:9247: result: yes
configure:9339: creating libtool
configure:9927: checking for ld used by g++
configure:9994: result: /usr/bin/ld
configure:10003: checking if the linker (/usr/bin/ld) is GNU ld
configure:10018: result: yes
configure:10069: checking whether the g++ linker (/usr/bin/ld) supports shared libraries
configure:11005: result: yes
configure:11023: g++ -c -g -O2 -D_GNU_SOURCE conftest.cpp >&5
configure:11026: $? = 0
configure:11145: checking for g++ option to produce PIC
configure:11419: result: -fPIC
configure:11427: checking if g++ PIC flag -fPIC works
configure:11448: g++ -c -g -O2 -D_GNU_SOURCE -fPIC -DPIC conftest.cpp >&5
configure:11452: $? = 0
configure:11462: result: yes
configure:11490: checking if g++ static flag -static works
configure:11518: result: yes
configure:11528: checking if g++ supports -c -o file.o
configure:11552: g++ -c -g -O2 -D_GNU_SOURCE -o out/conftest2.o conftest.cpp >&5
configure:11556: $? = 0
configure:11575: result: yes
configure:11601: checking whether the g++ linker (/usr/bin/ld) supports shared libraries
configure:11632: result: yes
configure:11699: checking dynamic linker characteristics
configure:12299: result: GNU/Linux ld.so
configure:12308: checking how to hardcode library paths into programs
configure:12333: result: immediate
configure:12859: checking if libtool supports shared libraries
configure:12861: result: yes
configure:12864: checking whether to build shared libraries
configure:12884: result: yes
configure:12887: checking whether to build static libraries
configure:12891: result: yes
configure:12901: checking for g77 option to produce PIC
configure:13111: result: -fPIC
configure:13119: checking if g77 PIC flag -fPIC works
configure:13140: g77 -c -g -O2 -fPIC conftest.f >&5
configure:13144: $? = 0
configure:13154: result: yes
configure:13182: checking if g77 static flag -static works
configure:13210: result: yes
configure:13220: checking if g77 supports -c -o file.o
configure:13244: g77 -c -g -O2 -o out/conftest2.o conftest.f >&5
configure:13248: $? = 0
configure:13267: result: yes
configure:13293: checking whether the g77 linker (/usr/bin/ld) supports shared libraries
configure:14239: result: yes
configure:14306: checking dynamic linker characteristics
configure:14906: result: GNU/Linux ld.so
configure:14915: checking how to hardcode library paths into programs
configure:14940: result: immediate
configure:18526: checking for an ANSI C-conforming const
configure:18593: gcc -c  -Wall -g -D_GNU_SOURCE conftest.c >&5
conftest.c: In function `main':
conftest.c:50: warning: unused variable `s'
conftest.c:70: warning: unused variable `foo'
conftest.c:31: warning: unused variable `x'
conftest.c:37: warning: unused variable `zero'
configure:18599: $? = 0
configure:18602: test -z 			 || test ! -s conftest.err
configure:18605: $? = 0
configure:18608: test -s conftest.o
configure:18611: $? = 0
configure:18622: result: yes
configure:18638: checking for strdup
configure:18695: gcc -o conftest  -Wall -g -D_GNU_SOURCE  conftest.c  >&5
configure:18701: $? = 0
configure:18704: test -z 			 || test ! -s conftest.err
configure:18707: $? = 0
configure:18710: test -s conftest
configure:18713: $? = 0
configure:18725: result: yes
configure:18638: checking for strerror
configure:18695: gcc -o conftest  -Wall -g -D_GNU_SOURCE  conftest.c  >&5
configure:18701: $? = 0
configure:18704: test -z 			 || test ! -s conftest.err
configure:18707: $? = 0
configure:18710: test -s conftest
configure:18713: $? = 0
configure:18725: result: yes
configure:18940: creating ./config.status

## ---------------------- ##
## Running config.status. ##
## ---------------------- ##

This file was extended by config.status, which was
generated by GNU Autoconf 2.59.  Invocation command line was

  CONFIG_FILES    = 
  CONFIG_HEADERS  = 
  CONFIG_LINKS    = 
  CONFIG_COMMANDS = 
  $ ./config.status 

on relay.xlliu.localdomain

config.status:757: creating Makefile
config.status:757: creating src/Makefile
config.status:757: creating tests/Makefile
config.status:757: creating eventlog.pc
config.status:823: creating config.h
config.status:1111: executing depfiles commands

## ---------------- ##
## Cache variables. ##
## ---------------- ##

ac_cv_build=i686-pc-linux-gnu
ac_cv_build_alias=i686-pc-linux-gnu
ac_cv_c_compiler_gnu=yes
ac_cv_c_const=yes
ac_cv_cxx_compiler_gnu=yes
ac_cv_env_CC_set=
ac_cv_env_CC_value=
ac_cv_env_CFLAGS_set=
ac_cv_env_CFLAGS_value=
ac_cv_env_CPPFLAGS_set=
ac_cv_env_CPPFLAGS_value=
ac_cv_env_CPP_set=
ac_cv_env_CPP_value=
ac_cv_env_CXXCPP_set=
ac_cv_env_CXXCPP_value=
ac_cv_env_CXXFLAGS_set=
ac_cv_env_CXXFLAGS_value=
ac_cv_env_CXX_set=
ac_cv_env_CXX_value=
ac_cv_env_F77_set=
ac_cv_env_F77_value=
ac_cv_env_FFLAGS_set=
ac_cv_env_FFLAGS_value=
ac_cv_env_LDFLAGS_set=
ac_cv_env_LDFLAGS_value=
ac_cv_env_build_alias_set=
ac_cv_env_build_alias_value=
ac_cv_env_host_alias_set=
ac_cv_env_host_alias_value=
ac_cv_env_target_alias_set=
ac_cv_env_target_alias_value=
ac_cv_exeext=
ac_cv_f77_compiler_gnu=yes
ac_cv_func_strdup=yes
ac_cv_func_strerror=yes
ac_cv_header_dlfcn_h=yes
ac_cv_header_inttypes_h=yes
ac_cv_header_memory_h=yes
ac_cv_header_stdc=yes
ac_cv_header_stdint_h=yes
ac_cv_header_stdlib_h=yes
ac_cv_header_string_h=yes
ac_cv_header_strings_h=yes
ac_cv_header_sys_stat_h=yes
ac_cv_header_sys_types_h=yes
ac_cv_header_unistd_h=yes
ac_cv_host=i686-pc-linux-gnu
ac_cv_host_alias=i686-pc-linux-gnu
ac_cv_objext=o
ac_cv_path_install='/usr/bin/install -c'
ac_cv_prog_AWK=gawk
ac_cv_prog_CPP='gcc -E'
ac_cv_prog_CXXCPP='g++ -E'
ac_cv_prog_ac_ct_AR=ar
ac_cv_prog_ac_ct_CC=gcc
ac_cv_prog_ac_ct_CXX=g++
ac_cv_prog_ac_ct_F77=g77
ac_cv_prog_ac_ct_RANLIB=ranlib
ac_cv_prog_ac_ct_STRIP=strip
ac_cv_prog_cc_g=yes
ac_cv_prog_cc_stdc=
ac_cv_prog_cxx_g=yes
ac_cv_prog_egrep='grep -E'
ac_cv_prog_f77_g=yes
ac_cv_prog_make_make_set=yes
am_cv_CC_dependencies_compiler_type=gcc3
am_cv_CXX_dependencies_compiler_type=gcc3
lt_cv_deplibs_check_method=pass_all
lt_cv_file_magic_cmd='$MAGIC_CMD'
lt_cv_file_magic_test_file=
lt_cv_ld_reload_flag=-r
lt_cv_objdir=.libs
lt_cv_path_LD=/usr/bin/ld
lt_cv_path_LDCXX=/usr/bin/ld
lt_cv_path_NM='/usr/bin/nm -B'
lt_cv_path_SED=/bin/sed
lt_cv_prog_compiler_c_o=yes
lt_cv_prog_compiler_c_o_CXX=yes
lt_cv_prog_compiler_c_o_F77=yes
lt_cv_prog_compiler_rtti_exceptions=yes
lt_cv_prog_gnu_ld=yes
lt_cv_prog_gnu_ldcxx=yes
lt_cv_sys_global_symbol_pipe='sed -n -e '\''s/^.*[ 	]\([ABCDGIRSTW][ABCDGIRSTW]*\)[ 	][ 	]*\([_A-Za-z][_A-Za-z0-9]*\)$/\1 \2 \2/p'\'''
lt_cv_sys_global_symbol_to_c_name_address='sed -n -e '\''s/^: \([^ ]*\) $/  {\"\1\", (lt_ptr) 0},/p'\'' -e '\''s/^[BCDEGRST] \([^ ]*\) \([^ ]*\)$/  {"\2", (lt_ptr) \&\2},/p'\'''
lt_cv_sys_global_symbol_to_cdecl='sed -n -e '\''s/^. .* \(.*\)$/extern int \1;/p'\'''
lt_cv_sys_max_cmd_len=32768
lt_lt_cv_prog_compiler_c_o='"yes"'
lt_lt_cv_prog_compiler_c_o_CXX='"yes"'
lt_lt_cv_prog_compiler_c_o_F77='"yes"'
lt_lt_cv_sys_global_symbol_pipe='"sed -n -e '\''s/^.*[ 	]\\([ABCDGIRSTW][ABCDGIRSTW]*\\)[ 	][ 	]*\\([_A-Za-z][_A-Za-z0-9]*\\)\$/\\1 \\2 \\2/p'\''"'
lt_lt_cv_sys_global_symbol_to_c_name_address='"sed -n -e '\''s/^: \\([^ ]*\\) \$/  {\\\"\\1\\\", (lt_ptr) 0},/p'\'' -e '\''s/^[BCDEGRST] \\([^ ]*\\) \\([^ ]*\\)\$/  {\"\\2\", (lt_ptr) \\&\\2},/p'\''"'
lt_lt_cv_sys_global_symbol_to_cdecl='"sed -n -e '\''s/^. .* \\(.*\\)\$/extern int \\1;/p'\''"'

## ----------------- ##
## Output variables. ##
## ----------------- ##

ACLOCAL='${SHELL} /home/xlliu/eventlog-0.2.5/missing --run aclocal-1.7'
AMDEPBACKSLASH='\'
AMDEP_FALSE='#'
AMDEP_TRUE=''
AMTAR='${SHELL} /home/xlliu/eventlog-0.2.5/missing --run tar'
AR='ar'
AUTOCONF='${SHELL} /home/xlliu/eventlog-0.2.5/missing --run autoconf'
AUTOHEADER='${SHELL} /home/xlliu/eventlog-0.2.5/missing --run autoheader'
AUTOMAKE='${SHELL} /home/xlliu/eventlog-0.2.5/missing --run automake-1.7'
AWK='gawk'
CC='gcc'
CCDEPMODE='depmode=gcc3'
CFLAGS=' -Wall -g'
CPP='gcc -E'
CPPFLAGS='-D_GNU_SOURCE'
CURRDATE='Wed, 29 Nov 2006 10:53:34 -0500'
CXX='g++'
CXXCPP='g++ -E'
CXXDEPMODE='depmode=gcc3'
CXXFLAGS='-g -O2'
CYGPATH_W='echo'
DEFS='-DHAVE_CONFIG_H'
DEPDIR='.deps'
ECHO='echo'
ECHO_C=''
ECHO_N='-n'
ECHO_T=''
EGREP='grep -E'
EXEEXT=''
F77='g77'
FFLAGS='-g -O2'
INSTALL_DATA='${INSTALL} -m 644'
INSTALL_PROGRAM='${INSTALL}'
INSTALL_SCRIPT='${INSTALL}'
INSTALL_STRIP_PROGRAM='${SHELL} $(install_sh) -c -s'
LDFLAGS=''
LIBOBJS=''
LIBS=''
LIBTOOL='$(SHELL) $(top_builddir)/libtool'
LN_S='ln -s'
LTLIBOBJS=''
MAKEINFO='${SHELL} /home/xlliu/eventlog-0.2.5/missing --run makeinfo'
OBJEXT='o'
PACKAGE='eventlog'
PACKAGE_BUGREPORT=''
PACKAGE_NAME=''
PACKAGE_STRING=''
PACKAGE_TARNAME=''
PACKAGE_VERSION=''
PATH_SEPARATOR=':'
RANLIB='ranlib'
RELEASE_TAG=''
SET_MAKE=''
SHELL='/bin/sh'
SNAPSHOT_VERSION=''
SOURCE_REVISION=''
STRIP='strip'
VERSION='0.2.5'
ac_ct_AR='ar'
ac_ct_CC='gcc'
ac_ct_CXX='g++'
ac_ct_F77='g77'
ac_ct_RANLIB='ranlib'
ac_ct_STRIP='strip'
am__fastdepCC_FALSE='#'
am__fastdepCC_TRUE=''
am__fastdepCXX_FALSE='#'
am__fastdepCXX_TRUE=''
am__include='include'
am__leading_dot='.'
am__quote=''
bindir='${exec_prefix}/bin'
build='i686-pc-linux-gnu'
build_alias=''
build_cpu='i686'
build_os='linux-gnu'
build_vendor='pc'
datadir='${prefix}/share'
exec_prefix='${prefix}'
host='i686-pc-linux-gnu'
host_alias=''
host_cpu='i686'
host_os='linux-gnu'
host_vendor='pc'
includedir='${prefix}/include'
infodir='${prefix}/info'
install_sh='/home/xlliu/eventlog-0.2.5/install-sh'
libdir='${exec_prefix}/lib'
libexecdir='${exec_prefix}/libexec'
localstatedir='${prefix}/var'
mandir='${prefix}/man'
oldincludedir='/usr/include'
prefix='/usr'
program_transform_name='s,x,x,'
sbindir='${exec_prefix}/sbin'
sharedstatedir='${prefix}/com'
sysconfdir='${prefix}/etc'
target_alias=''

## ----------- ##
## confdefs.h. ##
## ----------- ##

#define HAVE_DLFCN_H 1
#define HAVE_INTTYPES_H 1
#define HAVE_MEMORY_H 1
#define HAVE_STDINT_H 1
#define HAVE_STDLIB_H 1
#define HAVE_STRDUP 1
#define HAVE_STRERROR 1
#define HAVE_STRINGS_H 1
#define HAVE_STRING_H 1
#define HAVE_SYS_STAT_H 1
#define HAVE_SYS_TYPES_H 1
#define HAVE_UNISTD_H 1
#define PACKAGE_BUGREPORT ""
#define PACKAGE_NAME ""
#define PACKAGE_STRING ""
#define PACKAGE_TARNAME ""
#define PACKAGE_VERSION ""
#define STDC_HEADERS 1
#endif
#ifdef __cplusplus
extern "C" void std::exit (int) throw (); using std::exit;

configure: exit 0
