This file contains any messages produced by compilers while
running configure, to aid debugging if configure makes a mistake.

It was created by json-c configure 0.12.1, which was
generated by GNU Autoconf 2.69.  Invocation command line was

  $ ./configure 

## --------- ##
## Platform. ##
## --------- ##

hostname = sw6
uname -m = x86_64
uname -r = 2.6.32-642.el6.x86_64
uname -s = Linux
uname -v = #1 SMP Tue May 10 17:27:01 UTC 2016

/usr/bin/uname -p = unknown
/bin/uname -X     = unknown

/bin/arch              = x86_64
/usr/bin/arch -k       = unknown
/usr/convex/getsysinfo = unknown
/usr/bin/hostinfo      = unknown
/bin/machine           = unknown
/usr/bin/oslevel       = unknown
/bin/universe          = unknown

PATH: /sw/pub/tmux-2.2/bin
PATH: /ctcdata/users/sw/zhangdy/opensource/protobuf/out/bin
PATH: /ctcdata/users/sw/zhangdy/opensource/protobuf/out/bin
PATH: /sw/pub/svn-client-1.7.17-1/bin
PATH: /usr/lib64/qt-3.3/bin
PATH: /usr/local/bin
PATH: /bin
PATH: /usr/bin
PATH: /usr/local/sbin
PATH: /usr/sbin
PATH: /sbin
PATH: /sw/chenyq2/lib
PATH: /sw/pub/bin
PATH: /sw/pub/ddd/bin/
PATH: /sw/chenyq2/gtest/gtest
PATH: /opt/fsl-networking/QorIQ-SDK-V1.4/sysroots/i686-fsl_networking_sdk-linux/usr/bin/ppce500v2-fsl_networking-linux-gnuspe
PATH: /sw/pub/xtools2.ppc-linux/bin/
PATH: /sw/pub/eldk311/usr/bin
PATH: /sw/pub/xtools.ppc-linux/bin
PATH: /sw/pub/xtools2.ppc-linux/rootfs.ppc-linux/lib
PATH: /sw/kcao/ctcos/code/script
PATH: /sw/chenyq2/osp/software/script
PATH: /sbin
PATH: /opt/gcc-4.3/bin
PATH: /sw/pub/svn-client-1.7.17-1/bin
PATH: .
PATH: /sw/chenyq2/script
PATH: /ctcdata/users/sw/chenyq2/bin


## ----------- ##
## Core tests. ##
## ----------- ##

configure:2356: checking for a BSD-compatible install
configure:2424: result: /usr/bin/install -c
configure:2435: checking whether build environment is sane
configure:2490: result: yes
configure:2641: checking for a thread-safe mkdir -p
configure:2680: result: /bin/mkdir -p
configure:2687: checking for gawk
configure:2703: found /bin/gawk
configure:2714: result: gawk
configure:2725: checking whether make sets $(MAKE)
configure:2747: result: yes
configure:2776: checking whether make supports nested variables
configure:2793: result: yes
configure:2920: checking whether make sets $(MAKE)
configure:2942: result: yes
configure:2967: result: RDRAND Hardware RNG Hash Seed disabled. Use --enable-rdrand to enable
configure:2988: checking for style of include used by make
configure:3016: result: GNU
configure:3087: checking for gcc
configure:3103: found /usr/bin/gcc
configure:3114: result: gcc
configure:3343: checking for C compiler version
configure:3352: gcc --version >&5
gcc (GCC) 4.4.7 20120313 (Red Hat 4.4.7-17)
Copyright (C) 2010 Free Software Foundation, Inc.
This is free software; see the source for copying conditions.  There is NO
warranty; not even for MERCHANTABILITY or FITNESS FOR A PARTICULAR PURPOSE.

configure:3363: $? = 0
configure:3352: gcc -v >&5
Using built-in specs.
Target: x86_64-redhat-linux
Configured with: ../configure --prefix=/usr --mandir=/usr/share/man --infodir=/usr/share/info --with-bugurl=http://bugzilla.redhat.com/bugzilla --enable-bootstrap --enable-shared --enable-threads=posix --enable-checking=release --with-system-zlib --enable-__cxa_atexit --disable-libunwind-exceptions --enable-gnu-unique-object --enable-languages=c,c++,objc,obj-c++,java,fortran,ada --enable-java-awt=gtk --disable-dssi --with-java-home=/usr/lib/jvm/java-1.5.0-gcj-1.5.0.0/jre --enable-libgcj-multifile --enable-java-maintainer-mode --with-ecj-jar=/usr/share/java/eclipse-ecj.jar --disable-libjava-multilib --with-ppl --with-cloog --with-tune=generic --with-arch_32=i686 --build=x86_64-redhat-linux
Thread model: posix
gcc version 4.4.7 20120313 (Red Hat 4.4.7-17) (GCC) 
configure:3363: $? = 0
configure:3352: gcc -V >&5
gcc: '-V' option must have argument
configure:3363: $? = 1
configure:3352: gcc -qversion >&5
gcc: unrecognized option '-qversion'
gcc: no input files
configure:3363: $? = 1
configure:3383: checking whether the C compiler works
configure:3405: gcc    conftest.c  >&5
configure:3409: $? = 0
configure:3457: result: yes
configure:3460: checking for C compiler default output file name
configure:3462: result: a.out
configure:3468: checking for suffix of executables
configure:3475: gcc -o conftest    conftest.c  >&5
configure:3479: $? = 0
configure:3501: result: 
configure:3523: checking whether we are cross compiling
configure:3531: gcc -o conftest    conftest.c  >&5
configure:3535: $? = 0
configure:3542: ./conftest
configure:3546: $? = 0
configure:3561: result: no
configure:3566: checking for suffix of object files
configure:3588: gcc -c   conftest.c >&5
configure:3592: $? = 0
configure:3613: result: o
configure:3617: checking whether we are using the GNU C compiler
configure:3636: gcc -c   conftest.c >&5
configure:3636: $? = 0
configure:3645: result: yes
configure:3654: checking whether gcc accepts -g
configure:3674: gcc -c -g  conftest.c >&5
configure:3674: $? = 0
configure:3715: result: yes
configure:3732: checking for gcc option to accept ISO C89
configure:3795: gcc  -c -g -O2  conftest.c >&5
configure:3795: $? = 0
configure:3808: result: none needed
configure:3833: checking whether gcc understands -c and -o together
configure:3855: gcc -c conftest.c -o conftest2.o
configure:3858: $? = 0
configure:3855: gcc -c conftest.c -o conftest2.o
configure:3858: $? = 0
configure:3870: result: yes
configure:3889: checking dependency style of gcc
configure:4000: result: gcc3
configure:4026: checking how to run the C preprocessor
configure:4057: gcc -E  conftest.c
configure:4057: $? = 0
configure:4071: gcc -E  conftest.c
conftest.c:11:28: error: ac_nonexistent.h: No such file or directory
configure:4071: $? = 1
configure: failed program was:
| /* confdefs.h */
| #define PACKAGE_NAME "json-c"
| #define PACKAGE_TARNAME "json-c"
| #define PACKAGE_VERSION "0.12.1"
| #define PACKAGE_STRING "json-c 0.12.1"
| #define PACKAGE_BUGREPORT "json-c@googlegroups.com"
| #define PACKAGE_URL ""
| #define PACKAGE "json-c"
| #define VERSION "0.12.1"
| /* end confdefs.h.  */
| #include <ac_nonexistent.h>
configure:4096: result: gcc -E
configure:4116: gcc -E  conftest.c
configure:4116: $? = 0
configure:4130: gcc -E  conftest.c
conftest.c:11:28: error: ac_nonexistent.h: No such file or directory
configure:4130: $? = 1
configure: failed program was:
| /* confdefs.h */
| #define PACKAGE_NAME "json-c"
| #define PACKAGE_TARNAME "json-c"
| #define PACKAGE_VERSION "0.12.1"
| #define PACKAGE_STRING "json-c 0.12.1"
| #define PACKAGE_BUGREPORT "json-c@googlegroups.com"
| #define PACKAGE_URL ""
| #define PACKAGE "json-c"
| #define VERSION "0.12.1"
| /* end confdefs.h.  */
| #include <ac_nonexistent.h>
configure:4159: checking for grep that handles long lines and -e
configure:4217: result: /bin/grep
configure:4222: checking for egrep
configure:4284: result: /bin/grep -E
configure:4289: checking for ANSI C header files
configure:4309: gcc -c -g -O2  conftest.c >&5
configure:4309: $? = 0
configure:4382: gcc -o conftest -g -O2   conftest.c  >&5
configure:4382: $? = 0
configure:4382: ./conftest
configure:4382: $? = 0
configure:4393: result: yes
configure:4406: checking for sys/types.h
configure:4406: gcc -c -g -O2  conftest.c >&5
configure:4406: $? = 0
configure:4406: result: yes
configure:4406: checking for sys/stat.h
configure:4406: gcc -c -g -O2  conftest.c >&5
configure:4406: $? = 0
configure:4406: result: yes
configure:4406: checking for stdlib.h
configure:4406: gcc -c -g -O2  conftest.c >&5
configure:4406: $? = 0
configure:4406: result: yes
configure:4406: checking for string.h
configure:4406: gcc -c -g -O2  conftest.c >&5
configure:4406: $? = 0
configure:4406: result: yes
configure:4406: checking for memory.h
configure:4406: gcc -c -g -O2  conftest.c >&5
configure:4406: $? = 0
configure:4406: result: yes
configure:4406: checking for strings.h
configure:4406: gcc -c -g -O2  conftest.c >&5
configure:4406: $? = 0
configure:4406: result: yes
configure:4406: checking for inttypes.h
configure:4406: gcc -c -g -O2  conftest.c >&5
configure:4406: $? = 0
configure:4406: result: yes
configure:4406: checking for stdint.h
configure:4406: gcc -c -g -O2  conftest.c >&5
configure:4406: $? = 0
configure:4406: result: yes
configure:4406: checking for unistd.h
configure:4406: gcc -c -g -O2  conftest.c >&5
configure:4406: $? = 0
configure:4406: result: yes
configure:4421: checking fcntl.h usability
configure:4421: gcc -c -g -O2  conftest.c >&5
configure:4421: $? = 0
configure:4421: result: yes
configure:4421: checking fcntl.h presence
configure:4421: gcc -E  conftest.c
configure:4421: $? = 0
configure:4421: result: yes
configure:4421: checking for fcntl.h
configure:4421: result: yes
configure:4421: checking limits.h usability
configure:4421: gcc -c -g -O2  conftest.c >&5
configure:4421: $? = 0
configure:4421: result: yes
configure:4421: checking limits.h presence
configure:4421: gcc -E  conftest.c
configure:4421: $? = 0
configure:4421: result: yes
configure:4421: checking for limits.h
configure:4421: result: yes
configure:4421: checking for strings.h
configure:4421: result: yes
configure:4421: checking syslog.h usability
configure:4421: gcc -c -g -O2  conftest.c >&5
configure:4421: $? = 0
configure:4421: result: yes
configure:4421: checking syslog.h presence
configure:4421: gcc -E  conftest.c
configure:4421: $? = 0
configure:4421: result: yes
configure:4421: checking for syslog.h
configure:4421: result: yes
configure:4421: checking for unistd.h
configure:4421: result: yes
configure:4421: checking sys/cdefs.h usability
configure:4421: gcc -c -g -O2  conftest.c >&5
configure:4421: $? = 0
configure:4421: result: yes
configure:4421: checking sys/cdefs.h presence
configure:4421: gcc -E  conftest.c
configure:4421: $? = 0
configure:4421: result: yes
configure:4421: checking for sys/cdefs.h
configure:4421: result: yes
configure:4421: checking sys/param.h usability
configure:4421: gcc -c -g -O2  conftest.c >&5
configure:4421: $? = 0
configure:4421: result: yes
configure:4421: checking sys/param.h presence
configure:4421: gcc -E  conftest.c
configure:4421: $? = 0
configure:4421: result: yes
configure:4421: checking for sys/param.h
configure:4421: result: yes
configure:4421: checking stdarg.h usability
configure:4421: gcc -c -g -O2  conftest.c >&5
configure:4421: $? = 0
configure:4421: result: yes
configure:4421: checking stdarg.h presence
configure:4421: gcc -E  conftest.c
configure:4421: $? = 0
configure:4421: result: yes
configure:4421: checking for stdarg.h
configure:4421: result: yes
configure:4421: checking locale.h usability
configure:4421: gcc -c -g -O2  conftest.c >&5
configure:4421: $? = 0
configure:4421: result: yes
configure:4421: checking locale.h presence
configure:4421: gcc -E  conftest.c
configure:4421: $? = 0
configure:4421: result: yes
configure:4421: checking for locale.h
configure:4421: result: yes
configure:4421: checking endian.h usability
configure:4421: gcc -c -g -O2  conftest.c >&5
configure:4421: $? = 0
configure:4421: result: yes
configure:4421: checking endian.h presence
configure:4421: gcc -E  conftest.c
configure:4421: $? = 0
configure:4421: result: yes
configure:4421: checking for endian.h
configure:4421: result: yes
configure:4431: checking for inttypes.h
configure:4431: result: yes
configure:4441: checking for an ANSI C-conforming const
configure:4507: gcc -c -g -O2  conftest.c >&5
configure:4507: $? = 0
configure:4514: result: yes
configure:4522: checking for size_t
configure:4522: gcc -c -g -O2  conftest.c >&5
configure:4522: $? = 0
configure:4522: gcc -c -g -O2  conftest.c >&5
conftest.c: In function 'main':
conftest.c:68: error: expected expression before ')' token
configure:4522: $? = 1
configure: failed program was:
| /* confdefs.h */
| #define PACKAGE_NAME "json-c"
| #define PACKAGE_TARNAME "json-c"
| #define PACKAGE_VERSION "0.12.1"
| #define PACKAGE_STRING "json-c 0.12.1"
| #define PACKAGE_BUGREPORT "json-c@googlegroups.com"
| #define PACKAGE_URL ""
| #define PACKAGE "json-c"
| #define VERSION "0.12.1"
| #define STDC_HEADERS 1
| #define HAVE_SYS_TYPES_H 1
| #define HAVE_SYS_STAT_H 1
| #define HAVE_STDLIB_H 1
| #define HAVE_STRING_H 1
| #define HAVE_MEMORY_H 1
| #define HAVE_STRINGS_H 1
| #define HAVE_INTTYPES_H 1
| #define HAVE_STDINT_H 1
| #define HAVE_UNISTD_H 1
| #define HAVE_FCNTL_H 1
| #define HAVE_LIMITS_H 1
| #define HAVE_STRINGS_H 1
| #define HAVE_SYSLOG_H 1
| #define HAVE_UNISTD_H 1
| #define HAVE_SYS_CDEFS_H 1
| #define HAVE_SYS_PARAM_H 1
| #define HAVE_STDARG_H 1
| #define HAVE_LOCALE_H 1
| #define HAVE_ENDIAN_H 1
| #define JSON_C_HAVE_INTTYPES_H 1
| /* end confdefs.h.  */
| #include <stdio.h>
| #ifdef HAVE_SYS_TYPES_H
| # include <sys/types.h>
| #endif
| #ifdef HAVE_SYS_STAT_H
| # include <sys/stat.h>
| #endif
| #ifdef STDC_HEADERS
| # include <stdlib.h>
| # include <stddef.h>
| #else
| # ifdef HAVE_STDLIB_H
| #  include <stdlib.h>
| # endif
| #endif
| #ifdef HAVE_STRING_H
| # if !defined STDC_HEADERS && defined HAVE_MEMORY_H
| #  include <memory.h>
| # endif
| # include <string.h>
| #endif
| #ifdef HAVE_STRINGS_H
| # include <strings.h>
| #endif
| #ifdef HAVE_INTTYPES_H
| # include <inttypes.h>
| #endif
| #ifdef HAVE_STDINT_H
| # include <stdint.h>
| #endif
| #ifdef HAVE_UNISTD_H
| # include <unistd.h>
| #endif
| int
| main ()
| {
| if (sizeof ((size_t)))
| 	    return 0;
|   ;
|   return 0;
| }
configure:4522: result: yes
configure:4537: checking for vprintf
configure:4537: gcc -o conftest -g -O2   conftest.c  >&5
conftest.c:55: warning: conflicting types for built-in function 'vprintf'
configure:4537: $? = 0
configure:4537: result: yes
configure:4543: checking for _doprnt
configure:4543: gcc -o conftest -g -O2   conftest.c  >&5
/tmp/ccZX8CS8.o: In function `main':
/ctcdata/users/sw/chenyq2/osp/system/lib/json/conftest.c:67: undefined reference to `_doprnt'
collect2: ld returned 1 exit status
configure:4543: $? = 1
configure: failed program was:
| /* confdefs.h */
| #define PACKAGE_NAME "json-c"
| #define PACKAGE_TARNAME "json-c"
| #define PACKAGE_VERSION "0.12.1"
| #define PACKAGE_STRING "json-c 0.12.1"
| #define PACKAGE_BUGREPORT "json-c@googlegroups.com"
| #define PACKAGE_URL ""
| #define PACKAGE "json-c"
| #define VERSION "0.12.1"
| #define STDC_HEADERS 1
| #define HAVE_SYS_TYPES_H 1
| #define HAVE_SYS_STAT_H 1
| #define HAVE_STDLIB_H 1
| #define HAVE_STRING_H 1
| #define HAVE_MEMORY_H 1
| #define HAVE_STRINGS_H 1
| #define HAVE_INTTYPES_H 1
| #define HAVE_STDINT_H 1
| #define HAVE_UNISTD_H 1
| #define HAVE_FCNTL_H 1
| #define HAVE_LIMITS_H 1
| #define HAVE_STRINGS_H 1
| #define HAVE_SYSLOG_H 1
| #define HAVE_UNISTD_H 1
| #define HAVE_SYS_CDEFS_H 1
| #define HAVE_SYS_PARAM_H 1
| #define HAVE_STDARG_H 1
| #define HAVE_LOCALE_H 1
| #define HAVE_ENDIAN_H 1
| #define JSON_C_HAVE_INTTYPES_H 1
| #define HAVE_VPRINTF 1
| /* end confdefs.h.  */
| /* Define _doprnt to an innocuous variant, in case <limits.h> declares _doprnt.
|    For example, HP-UX 11i <limits.h> declares gettimeofday.  */
| #define _doprnt innocuous__doprnt
| 
| /* System header to define __stub macros and hopefully few prototypes,
|     which can conflict with char _doprnt (); below.
|     Prefer <limits.h> to <assert.h> if __STDC__ is defined, since
|     <limits.h> exists even on freestanding compilers.  */
| 
| #ifdef __STDC__
| # include <limits.h>
| #else
| # include <assert.h>
| #endif
| 
| #undef _doprnt
| 
| /* Override any GCC internal prototype to avoid an error.
|    Use char because int might match the return type of a GCC
|    builtin and then its argument prototype would still apply.  */
| #ifdef __cplusplus
| extern "C"
| #endif
| char _doprnt ();
| /* The GNU C library defines this for functions which it implements
|     to always fail with ENOSYS.  Some functions are actually named
|     something starting with __ and the normal name is an alias.  */
| #if defined __stub__doprnt || defined __stub____doprnt
| choke me
| #endif
| 
| int
| main ()
| {
| return _doprnt ();
|   ;
|   return 0;
| }
configure:4543: result: no
configure:4554: checking for working memcmp
configure:4597: gcc -o conftest -g -O2   conftest.c  >&5
configure:4597: $? = 0
configure:4597: ./conftest
configure:4597: $? = 0
configure:4607: result: yes
configure:4618: checking for stdlib.h
configure:4618: result: yes
configure:4628: checking for GNU libc compatible malloc
configure:4652: gcc -o conftest -g -O2   conftest.c  >&5
configure:4652: $? = 0
configure:4652: ./conftest
configure:4652: $? = 0
configure:4662: result: yes
configure:4685: checking for stdlib.h
configure:4685: result: yes
configure:4695: checking for GNU libc compatible realloc
configure:4719: gcc -o conftest -g -O2   conftest.c  >&5
configure:4719: $? = 0
configure:4719: ./conftest
configure:4719: $? = 0
configure:4729: result: yes
configure:4753: checking for strcasecmp
configure:4753: gcc -o conftest -g -O2   conftest.c  >&5
conftest.c:60: warning: conflicting types for built-in function 'strcasecmp'
configure:4753: $? = 0
configure:4753: result: yes
configure:4753: checking for strdup
configure:4753: gcc -o conftest -g -O2   conftest.c  >&5
conftest.c:61: warning: conflicting types for built-in function 'strdup'
configure:4753: $? = 0
configure:4753: result: yes
configure:4753: checking for strerror
configure:4753: gcc -o conftest -g -O2   conftest.c  >&5
configure:4753: $? = 0
configure:4753: result: yes
configure:4753: checking for snprintf
configure:4753: gcc -o conftest -g -O2   conftest.c  >&5
conftest.c:63: warning: conflicting types for built-in function 'snprintf'
configure:4753: $? = 0
configure:4753: result: yes
configure:4753: checking for vsnprintf
configure:4753: gcc -o conftest -g -O2   conftest.c  >&5
conftest.c:64: warning: conflicting types for built-in function 'vsnprintf'
configure:4753: $? = 0
configure:4753: result: yes
configure:4753: checking for vasprintf
configure:4753: gcc -o conftest -g -O2   conftest.c  >&5
configure:4753: $? = 0
configure:4753: result: yes
configure:4753: checking for open
configure:4753: gcc -o conftest -g -O2   conftest.c  >&5
configure:4753: $? = 0
configure:4753: result: yes
configure:4753: checking for vsyslog
configure:4753: gcc -o conftest -g -O2   conftest.c  >&5
configure:4753: $? = 0
configure:4753: result: yes
configure:4753: checking for strncasecmp
configure:4753: gcc -o conftest -g -O2   conftest.c  >&5
conftest.c:68: warning: conflicting types for built-in function 'strncasecmp'
configure:4753: $? = 0
configure:4753: result: yes
configure:4753: checking for setlocale
configure:4753: gcc -o conftest -g -O2   conftest.c  >&5
configure:4753: $? = 0
configure:4753: result: yes
configure:4762: checking whether INFINITY is declared
configure:4762: gcc -c -g -O2  conftest.c >&5
configure:4762: $? = 0
configure:4762: result: yes
configure:4774: checking whether nan is declared
configure:4774: gcc -c -g -O2  conftest.c >&5
configure:4774: $? = 0
configure:4774: result: yes
configure:4786: checking whether isnan is declared
configure:4786: gcc -c -g -O2  conftest.c >&5
configure:4786: $? = 0
configure:4786: result: yes
configure:4798: checking whether isinf is declared
configure:4798: gcc -c -g -O2  conftest.c >&5
configure:4798: $? = 0
configure:4798: result: yes
configure:4810: checking whether _isnan is declared
configure:4810: gcc -c -g -O2  conftest.c >&5
conftest.c: In function 'main':
conftest.c:60: error: '_isnan' undeclared (first use in this function)
conftest.c:60: error: (Each undeclared identifier is reported only once
conftest.c:60: error: for each function it appears in.)
configure:4810: $? = 1
configure: failed program was:
| /* confdefs.h */
| #define PACKAGE_NAME "json-c"
| #define PACKAGE_TARNAME "json-c"
| #define PACKAGE_VERSION "0.12.1"
| #define PACKAGE_STRING "json-c 0.12.1"
| #define PACKAGE_BUGREPORT "json-c@googlegroups.com"
| #define PACKAGE_URL ""
| #define PACKAGE "json-c"
| #define VERSION "0.12.1"
| #define STDC_HEADERS 1
| #define HAVE_SYS_TYPES_H 1
| #define HAVE_SYS_STAT_H 1
| #define HAVE_STDLIB_H 1
| #define HAVE_STRING_H 1
| #define HAVE_MEMORY_H 1
| #define HAVE_STRINGS_H 1
| #define HAVE_INTTYPES_H 1
| #define HAVE_STDINT_H 1
| #define HAVE_UNISTD_H 1
| #define HAVE_FCNTL_H 1
| #define HAVE_LIMITS_H 1
| #define HAVE_STRINGS_H 1
| #define HAVE_SYSLOG_H 1
| #define HAVE_UNISTD_H 1
| #define HAVE_SYS_CDEFS_H 1
| #define HAVE_SYS_PARAM_H 1
| #define HAVE_STDARG_H 1
| #define HAVE_LOCALE_H 1
| #define HAVE_ENDIAN_H 1
| #define JSON_C_HAVE_INTTYPES_H 1
| #define HAVE_VPRINTF 1
| #define HAVE_STDLIB_H 1
| #define HAVE_MALLOC 1
| #define HAVE_STDLIB_H 1
| #define HAVE_REALLOC 1
| #define HAVE_STRCASECMP 1
| #define HAVE_STRDUP 1
| #define HAVE_STRERROR 1
| #define HAVE_SNPRINTF 1
| #define HAVE_VSNPRINTF 1
| #define HAVE_VASPRINTF 1
| #define HAVE_OPEN 1
| #define HAVE_VSYSLOG 1
| #define HAVE_STRNCASECMP 1
| #define HAVE_SETLOCALE 1
| #define HAVE_DECL_INFINITY 1
| #define HAVE_DECL_NAN 1
| #define HAVE_DECL_ISNAN 1
| #define HAVE_DECL_ISINF 1
| /* end confdefs.h.  */
| #include <float.h>
| 
| int
| main ()
| {
| #ifndef _isnan
| #ifdef __cplusplus
|   (void) _isnan;
| #else
|   (void) _isnan;
| #endif
| #endif
| 
|   ;
|   return 0;
| }
configure:4810: result: no
configure:4822: checking whether _finite is declared
configure:4822: gcc -c -g -O2  conftest.c >&5
conftest.c: In function 'main':
conftest.c:61: error: '_finite' undeclared (first use in this function)
conftest.c:61: error: (Each undeclared identifier is reported only once
conftest.c:61: error: for each function it appears in.)
configure:4822: $? = 1
configure: failed program was:
| /* confdefs.h */
| #define PACKAGE_NAME "json-c"
| #define PACKAGE_TARNAME "json-c"
| #define PACKAGE_VERSION "0.12.1"
| #define PACKAGE_STRING "json-c 0.12.1"
| #define PACKAGE_BUGREPORT "json-c@googlegroups.com"
| #define PACKAGE_URL ""
| #define PACKAGE "json-c"
| #define VERSION "0.12.1"
| #define STDC_HEADERS 1
| #define HAVE_SYS_TYPES_H 1
| #define HAVE_SYS_STAT_H 1
| #define HAVE_STDLIB_H 1
| #define HAVE_STRING_H 1
| #define HAVE_MEMORY_H 1
| #define HAVE_STRINGS_H 1
| #define HAVE_INTTYPES_H 1
| #define HAVE_STDINT_H 1
| #define HAVE_UNISTD_H 1
| #define HAVE_FCNTL_H 1
| #define HAVE_LIMITS_H 1
| #define HAVE_STRINGS_H 1
| #define HAVE_SYSLOG_H 1
| #define HAVE_UNISTD_H 1
| #define HAVE_SYS_CDEFS_H 1
| #define HAVE_SYS_PARAM_H 1
| #define HAVE_STDARG_H 1
| #define HAVE_LOCALE_H 1
| #define HAVE_ENDIAN_H 1
| #define JSON_C_HAVE_INTTYPES_H 1
| #define HAVE_VPRINTF 1
| #define HAVE_STDLIB_H 1
| #define HAVE_MALLOC 1
| #define HAVE_STDLIB_H 1
| #define HAVE_REALLOC 1
| #define HAVE_STRCASECMP 1
| #define HAVE_STRDUP 1
| #define HAVE_STRERROR 1
| #define HAVE_SNPRINTF 1
| #define HAVE_VSNPRINTF 1
| #define HAVE_VASPRINTF 1
| #define HAVE_OPEN 1
| #define HAVE_VSYSLOG 1
| #define HAVE_STRNCASECMP 1
| #define HAVE_SETLOCALE 1
| #define HAVE_DECL_INFINITY 1
| #define HAVE_DECL_NAN 1
| #define HAVE_DECL_ISNAN 1
| #define HAVE_DECL_ISINF 1
| #define HAVE_DECL__ISNAN 0
| /* end confdefs.h.  */
| #include <float.h>
| 
| int
| main ()
| {
| #ifndef _finite
| #ifdef __cplusplus
|   (void) _finite;
| #else
|   (void) _finite;
| #endif
| #endif
| 
|   ;
|   return 0;
| }
configure:4822: result: no
configure:4843: checking if .gnu.warning accepts long strings
configure:4854: gcc -o conftest -g -O2   conftest.c  >&5
/tmp/cckr11pw.s: Assembler messages:
/tmp/cckr11pw.s:11: Error: character following name is not '#'
configure:4854: $? = 1
configure: failed program was:
| /* confdefs.h */
| #define PACKAGE_NAME "json-c"
| #define PACKAGE_TARNAME "json-c"
| #define PACKAGE_VERSION "0.12.1"
| #define PACKAGE_STRING "json-c 0.12.1"
| #define PACKAGE_BUGREPORT "json-c@googlegroups.com"
| #define PACKAGE_URL ""
| #define PACKAGE "json-c"
| #define VERSION "0.12.1"
| #define STDC_HEADERS 1
| #define HAVE_SYS_TYPES_H 1
| #define HAVE_SYS_STAT_H 1
| #define HAVE_STDLIB_H 1
| #define HAVE_STRING_H 1
| #define HAVE_MEMORY_H 1
| #define HAVE_STRINGS_H 1
| #define HAVE_INTTYPES_H 1
| #define HAVE_STDINT_H 1
| #define HAVE_UNISTD_H 1
| #define HAVE_FCNTL_H 1
| #define HAVE_LIMITS_H 1
| #define HAVE_STRINGS_H 1
| #define HAVE_SYSLOG_H 1
| #define HAVE_UNISTD_H 1
| #define HAVE_SYS_CDEFS_H 1
| #define HAVE_SYS_PARAM_H 1
| #define HAVE_STDARG_H 1
| #define HAVE_LOCALE_H 1
| #define HAVE_ENDIAN_H 1
| #define JSON_C_HAVE_INTTYPES_H 1
| #define HAVE_VPRINTF 1
| #define HAVE_STDLIB_H 1
| #define HAVE_MALLOC 1
| #define HAVE_STDLIB_H 1
| #define HAVE_REALLOC 1
| #define HAVE_STRCASECMP 1
| #define HAVE_STRDUP 1
| #define HAVE_STRERROR 1
| #define HAVE_SNPRINTF 1
| #define HAVE_VSNPRINTF 1
| #define HAVE_VASPRINTF 1
| #define HAVE_OPEN 1
| #define HAVE_VSYSLOG 1
| #define HAVE_STRNCASECMP 1
| #define HAVE_SETLOCALE 1
| #define HAVE_DECL_INFINITY 1
| #define HAVE_DECL_NAN 1
| #define HAVE_DECL_ISNAN 1
| #define HAVE_DECL_ISINF 1
| #define HAVE_DECL__ISNAN 0
| #define HAVE_DECL__FINITE 0
| /* end confdefs.h.  */
| 
| extern void json_object_get();
| __asm__(".section .gnu.json_object_get,\n\t.ascii \"Please link against libjson-c instead of libjson\"\n\t.text");
| 
| int main(int c,char* v) {return 0;}
| 
configure:4864: result: no
configure:4907: checking build system type
configure:4921: result: x86_64-unknown-linux-gnu
configure:4941: checking host system type
configure:4954: result: x86_64-unknown-linux-gnu
configure:4995: checking how to print strings
configure:5022: result: printf
configure:5043: checking for a sed that does not truncate output
configure:5107: result: /bin/sed
configure:5125: checking for fgrep
configure:5187: result: /bin/grep -F
configure:5222: checking for ld used by gcc
configure:5289: result: /usr/bin/ld
configure:5296: checking if the linker (/usr/bin/ld) is GNU ld
configure:5311: result: yes
configure:5323: checking for BSD- or MS-compatible name lister (nm)
configure:5372: result: /usr/bin/nm -B
configure:5502: checking the name lister (/usr/bin/nm -B) interface
configure:5509: gcc -c -g -O2  conftest.c >&5
configure:5512: /usr/bin/nm -B "conftest.o"
configure:5515: output
0000000000000000 B some_variable
configure:5522: result: BSD nm
configure:5525: checking whether ln -s works
configure:5529: result: yes
configure:5537: checking the maximum length of command line arguments
configure:5667: result: 1966080
configure:5684: checking whether the shell understands some XSI constructs
configure:5694: result: yes
configure:5698: checking whether the shell understands "+="
configure:5704: result: yes
configure:5739: checking how to convert x86_64-unknown-linux-gnu file names to x86_64-unknown-linux-gnu format
configure:5779: result: func_convert_file_noop
configure:5786: checking how to convert x86_64-unknown-linux-gnu file names to toolchain format
configure:5806: result: func_convert_file_noop
configure:5813: checking for /usr/bin/ld option to reload object files
configure:5820: result: -r
configure:5894: checking for objdump
configure:5910: found /usr/bin/objdump
configure:5921: result: objdump
configure:5953: checking how to recognize dependent libraries
configure:6155: result: pass_all
configure:6240: checking for dlltool
configure:6270: result: no
configure:6300: checking how to associate runtime and link libraries
configure:6327: result: printf %s\n
configure:6387: checking for ar
configure:6403: found /usr/bin/ar
configure:6414: result: ar
configure:6451: checking for archiver @FILE support
configure:6468: gcc -c -g -O2  conftest.c >&5
configure:6468: $? = 0
configure:6471: ar cru libconftest.a @conftest.lst >&5
configure:6474: $? = 0
configure:6479: ar cru libconftest.a @conftest.lst >&5
ar: conftest.o: No such file or directory
configure:6482: $? = 1
configure:6494: result: @
configure:6552: checking for strip
configure:6568: found /usr/bin/strip
configure:6579: result: strip
configure:6651: checking for ranlib
configure:6667: found /usr/bin/ranlib
configure:6678: result: ranlib
configure:6780: checking command to parse /usr/bin/nm -B output from gcc object
configure:6900: gcc -c -g -O2  conftest.c >&5
configure:6903: $? = 0
configure:6907: /usr/bin/nm -B conftest.o \| sed -n -e 's/^.*[ ]\([ABCDGIRSTW][ABCDGIRSTW]*\)[ ][ ]*\([_A-Za-z][_A-Za-z0-9]*\)$/\1 \2 \2/p' | sed '/ __gnu_lto/d' \> conftest.nm
configure:6910: $? = 0
configure:6976: gcc -o conftest -g -O2   conftest.c conftstm.o >&5
configure:6979: $? = 0
configure:7017: result: ok
configure:7054: checking for sysroot
configure:7084: result: no
configure:7161: gcc -c -g -O2  conftest.c >&5
configure:7164: $? = 0
configure:7340: checking for mt
configure:7370: result: no
configure:7390: checking if : is a manifest tool
configure:7396: : '-?'
configure:7404: result: no
configure:8043: checking for dlfcn.h
configure:8043: gcc -c -g -O2  conftest.c >&5
configure:8043: $? = 0
configure:8043: result: yes
configure:8249: checking for objdir
configure:8264: result: .libs
configure:8531: checking if gcc supports -fno-rtti -fno-exceptions
configure:8549: gcc -c -g -O2  -fno-rtti -fno-exceptions conftest.c >&5
cc1: warning: command line option "-fno-rtti" is valid for C++/ObjC++ but not for C
configure:8553: $? = 0
configure:8566: result: no
configure:8893: checking for gcc option to produce PIC
configure:8900: result: -fPIC -DPIC
configure:8908: checking if gcc PIC flag -fPIC -DPIC works
configure:8926: gcc -c -g -O2  -fPIC -DPIC -DPIC conftest.c >&5
configure:8930: $? = 0
configure:8943: result: yes
configure:8972: checking if gcc static flag -static works
configure:9000: result: no
configure:9015: checking if gcc supports -c -o file.o
configure:9036: gcc -c -g -O2  -o out/conftest2.o conftest.c >&5
configure:9040: $? = 0
configure:9062: result: yes
configure:9070: checking if gcc supports -c -o file.o
configure:9117: result: yes
configure:9150: checking whether the gcc linker (/usr/bin/ld -m elf_x86_64) supports shared libraries
configure:10303: result: yes
configure:10340: checking whether -lc should be explicitly linked in
configure:10348: gcc -c -g -O2  conftest.c >&5
configure:10351: $? = 0
configure:10366: gcc -shared  -fPIC -DPIC conftest.o  -v -Wl,-soname -Wl,conftest -o conftest 2\>\&1 \| /bin/grep  -lc  \>/dev/null 2\>\&1
configure:10369: $? = 0
configure:10383: result: no
configure:10543: checking dynamic linker characteristics
configure:11054: gcc -o conftest -g -O2   -Wl,-rpath -Wl,/foo conftest.c  >&5
configure:11054: $? = 0
configure:11276: result: GNU/Linux ld.so
configure:11383: checking how to hardcode library paths into programs
configure:11408: result: immediate
configure:11948: checking whether stripping libraries is possible
configure:11953: result: yes
configure:11988: checking if libtool supports shared libraries
configure:11990: result: yes
configure:11993: checking whether to build shared libraries
configure:12014: result: yes
configure:12017: checking whether to build static libraries
configure:12021: result: yes
configure:12071: checking for -Bsymbolic-functions linker flag
configure:12085: gcc -o conftest -g -O2  -Wl,-Bsymbolic-functions conftest.c  >&5
configure:12085: $? = 0
configure:12087: result: yes
configure:12221: checking that generated files are newer than configure
configure:12227: result: done
configure:12250: creating ./config.status

## ---------------------- ##
## Running config.status. ##
## ---------------------- ##

This file was extended by json-c config.status 0.12.1, which was
generated by GNU Autoconf 2.69.  Invocation command line was

  CONFIG_FILES    = 
  CONFIG_HEADERS  = 
  CONFIG_LINKS    = 
  CONFIG_COMMANDS = 
  $ ./config.status 

on sw6

config.status:1117: creating Makefile
config.status:1117: creating json-c.pc
config.status:1117: creating tests/Makefile
config.status:1117: creating json-c-uninstalled.pc
config.status:1117: creating config.h
config.status:1117: creating json_config.h
config.status:1346: executing depfiles commands
config.status:1346: executing libtool commands

## ---------------- ##
## Cache variables. ##
## ---------------- ##

ac_cv_build=x86_64-unknown-linux-gnu
ac_cv_c_compiler_gnu=yes
ac_cv_c_const=yes
ac_cv_env_CC_set=
ac_cv_env_CC_value=
ac_cv_env_CFLAGS_set=
ac_cv_env_CFLAGS_value=
ac_cv_env_CPPFLAGS_set=
ac_cv_env_CPPFLAGS_value=
ac_cv_env_CPP_set=
ac_cv_env_CPP_value=
ac_cv_env_LDFLAGS_set=
ac_cv_env_LDFLAGS_value=
ac_cv_env_LIBS_set=
ac_cv_env_LIBS_value=
ac_cv_env_build_alias_set=
ac_cv_env_build_alias_value=
ac_cv_env_host_alias_set=
ac_cv_env_host_alias_value=
ac_cv_env_target_alias_set=
ac_cv_env_target_alias_value=
ac_cv_func__doprnt=no
ac_cv_func_malloc_0_nonnull=yes
ac_cv_func_memcmp_working=yes
ac_cv_func_open=yes
ac_cv_func_realloc_0_nonnull=yes
ac_cv_func_setlocale=yes
ac_cv_func_snprintf=yes
ac_cv_func_strcasecmp=yes
ac_cv_func_strdup=yes
ac_cv_func_strerror=yes
ac_cv_func_strncasecmp=yes
ac_cv_func_vasprintf=yes
ac_cv_func_vprintf=yes
ac_cv_func_vsnprintf=yes
ac_cv_func_vsyslog=yes
ac_cv_have_decl_INFINITY=yes
ac_cv_have_decl__finite=no
ac_cv_have_decl__isnan=no
ac_cv_have_decl_isinf=yes
ac_cv_have_decl_isnan=yes
ac_cv_have_decl_nan=yes
ac_cv_header_dlfcn_h=yes
ac_cv_header_endian_h=yes
ac_cv_header_fcntl_h=yes
ac_cv_header_inttypes_h=yes
ac_cv_header_limits_h=yes
ac_cv_header_locale_h=yes
ac_cv_header_memory_h=yes
ac_cv_header_stdarg_h=yes
ac_cv_header_stdc=yes
ac_cv_header_stdint_h=yes
ac_cv_header_stdlib_h=yes
ac_cv_header_string_h=yes
ac_cv_header_strings_h=yes
ac_cv_header_sys_cdefs_h=yes
ac_cv_header_sys_param_h=yes
ac_cv_header_sys_stat_h=yes
ac_cv_header_sys_types_h=yes
ac_cv_header_syslog_h=yes
ac_cv_header_unistd_h=yes
ac_cv_host=x86_64-unknown-linux-gnu
ac_cv_objext=o
ac_cv_path_EGREP='/bin/grep -E'
ac_cv_path_FGREP='/bin/grep -F'
ac_cv_path_GREP=/bin/grep
ac_cv_path_SED=/bin/sed
ac_cv_path_install='/usr/bin/install -c'
ac_cv_path_mkdir=/bin/mkdir
ac_cv_prog_AWK=gawk
ac_cv_prog_CPP='gcc -E'
ac_cv_prog_ac_ct_AR=ar
ac_cv_prog_ac_ct_CC=gcc
ac_cv_prog_ac_ct_OBJDUMP=objdump
ac_cv_prog_ac_ct_RANLIB=ranlib
ac_cv_prog_ac_ct_STRIP=strip
ac_cv_prog_cc_c89=
ac_cv_prog_cc_g=yes
ac_cv_prog_make_make_set=yes
ac_cv_type_size_t=yes
am_cv_CC_dependencies_compiler_type=gcc3
am_cv_make_support_nested_variables=yes
am_cv_prog_cc_c_o=yes
lt_cv_ar_at_file=@
lt_cv_archive_cmds_need_lc=no
lt_cv_deplibs_check_method=pass_all
lt_cv_file_magic_cmd='$MAGIC_CMD'
lt_cv_file_magic_test_file=
lt_cv_ld_reload_flag=-r
lt_cv_nm_interface='BSD nm'
lt_cv_objdir=.libs
lt_cv_path_LD=/usr/bin/ld
lt_cv_path_NM='/usr/bin/nm -B'
lt_cv_path_mainfest_tool=no
lt_cv_prog_compiler_c_o=yes
lt_cv_prog_compiler_pic='-fPIC -DPIC'
lt_cv_prog_compiler_pic_works=yes
lt_cv_prog_compiler_rtti_exceptions=no
lt_cv_prog_compiler_static_works=no
lt_cv_prog_gnu_ld=yes
lt_cv_sharedlib_from_linklib_cmd='printf %s\n'
lt_cv_shlibpath_overrides_runpath=no
lt_cv_sys_global_symbol_pipe='sed -n -e '\''s/^.*[	 ]\([ABCDGIRSTW][ABCDGIRSTW]*\)[	 ][	 ]*\([_A-Za-z][_A-Za-z0-9]*\)$/\1 \2 \2/p'\'' | sed '\''/ __gnu_lto/d'\'''
lt_cv_sys_global_symbol_to_c_name_address='sed -n -e '\''s/^: \([^ ]*\)[ ]*$/  {\"\1\", (void *) 0},/p'\'' -e '\''s/^[ABCDGIRSTW]* \([^ ]*\) \([^ ]*\)$/  {"\2", (void *) \&\2},/p'\'''
lt_cv_sys_global_symbol_to_c_name_address_lib_prefix='sed -n -e '\''s/^: \([^ ]*\)[ ]*$/  {\"\1\", (void *) 0},/p'\'' -e '\''s/^[ABCDGIRSTW]* \([^ ]*\) \(lib[^ ]*\)$/  {"\2", (void *) \&\2},/p'\'' -e '\''s/^[ABCDGIRSTW]* \([^ ]*\) \([^ ]*\)$/  {"lib\2", (void *) \&\2},/p'\'''
lt_cv_sys_global_symbol_to_cdecl='sed -n -e '\''s/^T .* \(.*\)$/extern int \1();/p'\'' -e '\''s/^[ABCDGIRSTW]* .* \(.*\)$/extern char \1;/p'\'''
lt_cv_sys_max_cmd_len=1966080
lt_cv_to_host_file_cmd=func_convert_file_noop
lt_cv_to_tool_file_cmd=func_convert_file_noop

## ----------------- ##
## Output variables. ##
## ----------------- ##

ACLOCAL='${SHELL} /ctcdata/users/sw/chenyq2/osp/system/lib/json/missing aclocal-1.15'
AMDEPBACKSLASH='\'
AMDEP_FALSE='#'
AMDEP_TRUE=''
AMTAR='$${TAR-tar}'
AM_BACKSLASH='\'
AM_DEFAULT_V='$(AM_DEFAULT_VERBOSITY)'
AM_DEFAULT_VERBOSITY='1'
AM_V='$(V)'
AR='ar'
AUTOCONF='${SHELL} /ctcdata/users/sw/chenyq2/osp/system/lib/json/missing autoconf'
AUTOHEADER='${SHELL} /ctcdata/users/sw/chenyq2/osp/system/lib/json/missing autoheader'
AUTOMAKE='${SHELL} /ctcdata/users/sw/chenyq2/osp/system/lib/json/missing automake-1.15'
AWK='gawk'
CC='gcc'
CCDEPMODE='depmode=gcc3'
CFLAGS='-g -O2'
CPP='gcc -E'
CPPFLAGS=''
CYGPATH_W='echo'
DEFS='-DHAVE_CONFIG_H'
DEPDIR='.deps'
DLLTOOL='false'
DSYMUTIL=''
DUMPBIN=''
ECHO_C=''
ECHO_N='-n'
ECHO_T=''
EGREP='/bin/grep -E'
EXEEXT=''
FGREP='/bin/grep -F'
GREP='/bin/grep'
INSTALL_DATA='${INSTALL} -m 644'
INSTALL_PROGRAM='${INSTALL}'
INSTALL_SCRIPT='${INSTALL}'
INSTALL_STRIP_PROGRAM='$(install_sh) -c -s'
JSON_BSYMBOLIC_LDFLAGS='-Wl,-Bsymbolic-functions'
LD='/usr/bin/ld -m elf_x86_64'
LDFLAGS=''
LIBOBJS=''
LIBS=''
LIBTOOL='$(SHELL) $(top_builddir)/libtool'
LIPO=''
LN_S='ln -s'
LTLIBOBJS=''
MAKEINFO='${SHELL} /ctcdata/users/sw/chenyq2/osp/system/lib/json/missing makeinfo'
MANIFEST_TOOL=':'
MKDIR_P='/bin/mkdir -p'
NM='/usr/bin/nm -B'
NMEDIT=''
OBJDUMP='objdump'
OBJEXT='o'
OTOOL64=''
OTOOL=''
PACKAGE='json-c'
PACKAGE_BUGREPORT='json-c@googlegroups.com'
PACKAGE_NAME='json-c'
PACKAGE_STRING='json-c 0.12.1'
PACKAGE_TARNAME='json-c'
PACKAGE_URL=''
PACKAGE_VERSION='0.12.1'
PATH_SEPARATOR=':'
RANLIB='ranlib'
SED='/bin/sed'
SET_MAKE=''
SHELL='/bin/sh'
STRIP='strip'
VERSION='0.12.1'
ac_ct_AR='ar'
ac_ct_CC='gcc'
ac_ct_DUMPBIN=''
am__EXEEXT_FALSE=''
am__EXEEXT_TRUE='#'
am__fastdepCC_FALSE='#'
am__fastdepCC_TRUE=''
am__include='include'
am__isrc=''
am__leading_dot='.'
am__nodep='_no'
am__quote=''
am__tar='$${TAR-tar} chof - "$$tardir"'
am__untar='$${TAR-tar} xf -'
bindir='${exec_prefix}/bin'
build='x86_64-unknown-linux-gnu'
build_alias=''
build_cpu='x86_64'
build_os='linux-gnu'
build_vendor='unknown'
datadir='${datarootdir}'
datarootdir='${prefix}/share'
docdir='${datarootdir}/doc/${PACKAGE_TARNAME}'
dvidir='${docdir}'
exec_prefix='${prefix}'
host='x86_64-unknown-linux-gnu'
host_alias=''
host_cpu='x86_64'
host_os='linux-gnu'
host_vendor='unknown'
htmldir='${docdir}'
includedir='${prefix}/include'
infodir='${datarootdir}/info'
install_sh='${SHELL} /ctcdata/users/sw/chenyq2/osp/system/lib/json/install-sh'
libdir='${exec_prefix}/lib'
libexecdir='${exec_prefix}/libexec'
localedir='${datarootdir}/locale'
localstatedir='${prefix}/var'
mandir='${datarootdir}/man'
mkdir_p='$(MKDIR_P)'
oldincludedir='/usr/include'
pdfdir='${docdir}'
prefix='/usr/local'
program_transform_name='s,x,x,'
psdir='${docdir}'
sbindir='${exec_prefix}/sbin'
sharedstatedir='${prefix}/com'
sysconfdir='${prefix}/etc'
target_alias=''

## ----------- ##
## confdefs.h. ##
## ----------- ##

/* confdefs.h */
#define PACKAGE_NAME "json-c"
#define PACKAGE_TARNAME "json-c"
#define PACKAGE_VERSION "0.12.1"
#define PACKAGE_STRING "json-c 0.12.1"
#define PACKAGE_BUGREPORT "json-c@googlegroups.com"
#define PACKAGE_URL ""
#define PACKAGE "json-c"
#define VERSION "0.12.1"
#define STDC_HEADERS 1
#define HAVE_SYS_TYPES_H 1
#define HAVE_SYS_STAT_H 1
#define HAVE_STDLIB_H 1
#define HAVE_STRING_H 1
#define HAVE_MEMORY_H 1
#define HAVE_STRINGS_H 1
#define HAVE_INTTYPES_H 1
#define HAVE_STDINT_H 1
#define HAVE_UNISTD_H 1
#define HAVE_FCNTL_H 1
#define HAVE_LIMITS_H 1
#define HAVE_STRINGS_H 1
#define HAVE_SYSLOG_H 1
#define HAVE_UNISTD_H 1
#define HAVE_SYS_CDEFS_H 1
#define HAVE_SYS_PARAM_H 1
#define HAVE_STDARG_H 1
#define HAVE_LOCALE_H 1
#define HAVE_ENDIAN_H 1
#define JSON_C_HAVE_INTTYPES_H 1
#define HAVE_VPRINTF 1
#define HAVE_STDLIB_H 1
#define HAVE_MALLOC 1
#define HAVE_STDLIB_H 1
#define HAVE_REALLOC 1
#define HAVE_STRCASECMP 1
#define HAVE_STRDUP 1
#define HAVE_STRERROR 1
#define HAVE_SNPRINTF 1
#define HAVE_VSNPRINTF 1
#define HAVE_VASPRINTF 1
#define HAVE_OPEN 1
#define HAVE_VSYSLOG 1
#define HAVE_STRNCASECMP 1
#define HAVE_SETLOCALE 1
#define HAVE_DECL_INFINITY 1
#define HAVE_DECL_NAN 1
#define HAVE_DECL_ISNAN 1
#define HAVE_DECL_ISINF 1
#define HAVE_DECL__ISNAN 0
#define HAVE_DECL__FINITE 0
#define HAVE_DLFCN_H 1
#define LT_OBJDIR ".libs/"

configure: exit 0
